Watching for file changes with StatReloader
Waiting for apps ready_event.
Apps ready_event triggered. Sending autoreload_started signal.
Watching dir D:\django project\py3.7\hello_django\locale with glob **/*.mo.
(0.000) 
            SELECT name, type FROM sqlite_master
            WHERE type in ('table', 'view') AND NOT name='sqlite_sequence'
            ORDER BY name; args=None
File C:\Users\brave\AppData\Local\Programs\Python\Python39\Lib\hmac.py first seen with mtime 1617689616.0
File D:\django project\py3.7\Lib\site-packages\django\utils\dateformat.py first seen with mtime 1622021611.821906
File D:\django project\py3.7\Lib\site-packages\django\core\cache\backends\base.py first seen with mtime 1622021611.4776819
File D:\django project\py3.7\Lib\site-packages\django\core\management\commands\runserver.py first seen with mtime 1622021611.5364916
File C:\Users\brave\AppData\Local\Programs\Python\Python39\Lib\copy.py first seen with mtime 1617689616.0
File D:\django project\py3.7\Lib\site-packages\pytz\tzfile.py first seen with mtime 1622021606.3093452
File C:\Users\brave\AppData\Local\Programs\Python\Python39\Lib\random.py first seen with mtime 1617689618.0
File C:\Users\brave\AppData\Local\Programs\Python\Python39\Lib\inspect.py first seen with mtime 1617689618.0
File D:\django project\py3.7\Lib\site-packages\django\http\cookie.py first seen with mtime 1622021611.7549112
File C:\Users\brave\AppData\Local\Programs\Python\Python39\Lib\json\__init__.py first seen with mtime 1617689618.0
File D:\django project\py3.7\Lib\site-packages\django\contrib\staticfiles\management\commands\runserver.py first seen with mtime 1622021611.4635391
File C:\Users\brave\AppData\Local\Programs\Python\Python39\Lib\email\_policybase.py first seen with mtime 1617689616.0
File D:\django project\py3.7\Lib\site-packages\django\core\checks\security\csrf.py first seen with mtime 1622021611.4956431
File D:\django project\py3.7\Lib\site-packages\django\template\backends\__init__.py first seen with mtime 1622021611.7828393
File C:\Users\brave\AppData\Local\Programs\Python\Python39\Lib\email\_encoded_words.py first seen with mtime 1617689616.0
File D:\django project\py3.7\Lib\site-packages\django\contrib\staticfiles\apps.py first seen with mtime 1622021611.452571
File C:\Users\brave\AppData\Local\Programs\Python\Python39\Lib\email\parser.py first seen with mtime 1617689616.0
File C:\Users\brave\AppData\Local\Programs\Python\Python39\Lib\_collections_abc.py first seen with mtime 1617689616.0
File D:\django project\py3.7\Lib\site-packages\django\core\handlers\asgi.py first seen with mtime 1622021611.5085645
File C:\Users\brave\AppData\Local\Programs\Python\Python39\Lib\importlib\util.py first seen with mtime 1617689618.0
File D:\django project\py3.7\Lib\site-packages\django\db\backends\sqlite3\__init__.py first seen with mtime 1622021611.611295
File C:\Users\brave\AppData\Local\Programs\Python\Python39\Lib\_bootlocale.py first seen with mtime 1617689616.0
File D:\django project\py3.7\Lib\site-packages\django\contrib\admin\templatetags\admin_urls.py first seen with mtime 1622021608.5091224
File D:\django project\py3.7\Lib\site-packages\django\db\models\sql\__init__.py first seen with mtime 1622021611.684102
File D:\django project\py3.7\Lib\site-packages\django\contrib\admin\templatetags\admin_list.py first seen with mtime 1622021608.5071285
File C:\Users\brave\AppData\Local\Programs\Python\Python39\Lib\urllib\response.py first seen with mtime 1617689618.0
File C:\Users\brave\AppData\Local\Programs\Python\Python39\Lib\collections\__init__.py first seen with mtime 1617689616.0
File D:\django project\py3.7\Lib\site-packages\django\core\handlers\__init__.py first seen with mtime 1622021611.5075662
File C:\Users\brave\AppData\Local\Programs\Python\Python39\Lib\email\mime\multipart.py first seen with mtime 1617689616.0
File C:\Users\brave\AppData\Local\Programs\Python\Python39\Lib\stat.py first seen with mtime 1617689618.0
File C:\Users\brave\AppData\Local\Programs\Python\Python39\Lib\gzip.py first seen with mtime 1617689616.0
File D:\django project\py3.7\Lib\site-packages\django\utils\tree.py first seen with mtime 1622021611.8538191
File D:\django project\py3.7\Lib\site-packages\django\contrib\staticfiles\checks.py first seen with mtime 1622021611.4535675
File D:\django project\py3.7\Lib\site-packages\django\contrib\contenttypes\checks.py first seen with mtime 1622021608.98525
File C:\Users\brave\AppData\Local\Programs\Python\Python39\Lib\copyreg.py first seen with mtime 1617689616.0
File D:\django project\py3.7\Lib\site-packages\django\db\backends\sqlite3\introspection.py first seen with mtime 1622021611.6142867
File D:\django project\py3.7\Lib\site-packages\django\db\models\fields\reverse_related.py first seen with mtime 1622021611.6731322
File D:\django project\py3.7\Lib\site-packages\django\utils\log.py first seen with mtime 1622021611.8438444
File D:\django project\py3.7\Lib\site-packages\django\template\backends\base.py first seen with mtime 1622021611.783873
File D:\django project\py3.7\Lib\site-packages\django\contrib\auth\password_validation.py first seen with mtime 1622021608.7462652
File C:\Users\brave\AppData\Local\Programs\Python\Python39\Lib\importlib\__init__.py first seen with mtime 1617689618.0
File C:\Users\brave\AppData\Local\Programs\Python\Python39\Lib\asyncio\windows_events.py first seen with mtime 1617689616.0
File D:\django project\py3.7\Lib\site-packages\django\template\loaders\filesystem.py first seen with mtime 1622021611.79281
File D:\django project\py3.7\Lib\site-packages\django\template\defaultfilters.py first seen with mtime 1622021611.7708874
File C:\Users\brave\AppData\Local\Programs\Python\Python39\Lib\typing.py first seen with mtime 1617689618.0
File D:\django project\py3.7\Lib\site-packages\django\urls\conf.py first seen with mtime 1622021611.809935
File D:\django project\py3.7\Lib\site-packages\django\contrib\messages\constants.py first seen with mtime 1622021610.0943084
File D:\django project\py3.7\Lib\site-packages\django\core\checks\security\__init__.py first seen with mtime 1622021611.4936035
File D:\django project\py3.7\Lib\site-packages\django\db\models\deletion.py first seen with mtime 1622021611.648197
File D:\django project\py3.7\Lib\site-packages\django\core\files\move.py first seen with mtime 1622021611.501584
File D:\django project\py3.7\Lib\site-packages\django\conf\locale\__init__.py first seen with mtime 1622021607.2622316
File C:\Users\brave\AppData\Local\Programs\Python\Python39\Lib\email\_parseaddr.py first seen with mtime 1617689616.0
File D:\django project\py3.7\Lib\site-packages\django\db\migrations\operations\__init__.py first seen with mtime 1622021611.6372285
File C:\Users\brave\AppData\Local\Programs\Python\Python39\Lib\asyncio\selector_events.py first seen with mtime 1617689616.0
File D:\django project\py3.7\Lib\site-packages\django\urls\converters.py first seen with mtime 1622021611.809935
File C:\Users\brave\AppData\Local\Programs\Python\Python39\Lib\_markupbase.py first seen with mtime 1617689616.0
File D:\django project\py3.7\Lib\site-packages\django\utils\ipv6.py first seen with mtime 1622021611.840892
File D:\django project\py3.7\Lib\site-packages\django\core\handlers\base.py first seen with mtime 1622021611.5095606
File D:\django project\py3.7\Lib\site-packages\django\core\signals.py first seen with mtime 1622021611.4705212
File D:\django project\py3.7\Lib\site-packages\django\db\models\fields\mixins.py first seen with mtime 1622021611.6651511
File C:\Users\brave\AppData\Local\Programs\Python\Python39\Lib\email\header.py first seen with mtime 1617689616.0
File C:\Users\brave\AppData\Local\Programs\Python\Python39\Lib\asyncio\base_tasks.py first seen with mtime 1617689616.0
File D:\django project\py3.7\Lib\site-packages\django\contrib\auth\__init__.py first seen with mtime 1622021608.7303424
File D:\django project\py3.7\Lib\site-packages\django\templatetags\l10n.py first seen with mtime 1622021611.7958386
File D:\django project\py3.7\Lib\site-packages\django\core\mail\utils.py first seen with mtime 1622021611.513549
File D:\django project\py3.7\Lib\site-packages\django\template\autoreload.py first seen with mtime 1622021611.7658815
File C:\Users\brave\AppData\Local\Programs\Python\Python39\Lib\asyncio\transports.py first seen with mtime 1617689616.0
File D:\django project\py3.7\Lib\site-packages\django\core\files\__init__.py first seen with mtime 1622021611.4976232
File C:\Users\brave\AppData\Local\Programs\Python\Python39\Lib\keyword.py first seen with mtime 1617689618.0
File C:\Users\brave\AppData\Local\Programs\Python\Python39\Lib\_compression.py first seen with mtime 1617689616.0
File D:\django project\py3.7\Lib\site-packages\asgiref\sync.py first seen with mtime 1622021607.066654
File D:\django project\py3.7\Lib\site-packages\django\template\response.py first seen with mtime 1622021611.7808423
File D:\django project\py3.7\Lib\site-packages\django\db\migrations\exceptions.py first seen with mtime 1622021611.6202722
File C:\Users\brave\AppData\Local\Programs\Python\Python39\Lib\selectors.py first seen with mtime 1617689618.0
File D:\django project\py3.7\Lib\site-packages\django\db\backends\__init__.py first seen with mtime 1622021611.5634162
File D:\django project\py3.7\Lib\site-packages\django\core\checks\translation.py first seen with mtime 1622021611.489614
File C:\Users\brave\AppData\Local\Programs\Python\Python39\Lib\asyncio\events.py first seen with mtime 1617689616.0
File D:\django project\py3.7\Lib\site-packages\django\urls\exceptions.py first seen with mtime 1622021611.8109708
File D:\django project\py3.7\Lib\site-packages\django\core\wsgi.py first seen with mtime 1622021611.4735131
File D:\django project\py3.7\Lib\site-packages\django\core\checks\security\base.py first seen with mtime 1622021611.4946077
File C:\Users\brave\AppData\Local\Programs\Python\Python39\Lib\http\server.py first seen with mtime 1617689616.0
File C:\Users\brave\AppData\Local\Programs\Python\Python39\Lib\fnmatch.py first seen with mtime 1617689616.0
File D:\django project\py3.7\Lib\site-packages\django\db\models\functions\comparison.py first seen with mtime 1622021611.6751244
File D:\django project\py3.7\Lib\site-packages\sqlparse\filters\aligned_indent.py first seen with mtime 1622021604.3684244
File D:\django project\py3.7\Lib\site-packages\django\db\backends\sqlite3\schema.py first seen with mtime 1622021611.616282
File D:\django project\py3.7\Lib\site-packages\django\db\migrations\operations\base.py first seen with mtime 1622021611.6392214
File D:\django project\py3.7\Lib\site-packages\django\db\models\functions\math.py first seen with mtime 1622021611.6801107
File D:\django project\py3.7\Lib\site-packages\django\contrib\staticfiles\__init__.py first seen with mtime 1622021611.4515724
File D:\django project\py3.7\Lib\site-packages\django\contrib\contenttypes\__init__.py first seen with mtime 1622021608.981259
File C:\Users\brave\AppData\Local\Programs\Python\Python39\Lib\html\__init__.py first seen with mtime 1617689616.0
File C:\Users\brave\AppData\Local\Programs\Python\Python39\Lib\io.py first seen with mtime 1617689618.0
File C:\Users\brave\AppData\Local\Programs\Python\Python39\Lib\asyncio\base_futures.py first seen with mtime 1617689616.0
File C:\Users\brave\AppData\Local\Programs\Python\Python39\Lib\os.py first seen with mtime 1617689618.0
File C:\Users\brave\AppData\Local\Programs\Python\Python39\Lib\asyncio\format_helpers.py first seen with mtime 1617689616.0
File D:\django project\py3.7\Lib\site-packages\django\contrib\sites\__init__.py first seen with mtime 1622021611.204878
File C:\Users\brave\AppData\Local\Programs\Python\Python39\Lib\ast.py first seen with mtime 1617689616.0
File C:\Users\brave\AppData\Local\Programs\Python\Python39\Lib\importlib\abc.py first seen with mtime 1617689618.0
File C:\Users\brave\AppData\Local\Programs\Python\Python39\Lib\unittest\main.py first seen with mtime 1617689618.0
File C:\Users\brave\AppData\Local\Programs\Python\Python39\Lib\dis.py first seen with mtime 1617689616.0
File C:\Users\brave\AppData\Local\Programs\Python\Python39\Lib\urllib\__init__.py first seen with mtime 1617689618.0
File C:\Users\brave\AppData\Local\Programs\Python\Python39\Lib\threading.py first seen with mtime 1617689618.0
File D:\django project\py3.7\Lib\site-packages\django\utils\duration.py first seen with mtime 1622021611.8318772
File D:\django project\py3.7\Lib\site-packages\django\db\models\sql\query.py first seen with mtime 1622021611.6900885
File C:\Users\brave\AppData\Local\Programs\Python\Python39\Lib\subprocess.py first seen with mtime 1617689618.0
File D:\django project\py3.7\Lib\site-packages\django\dispatch\dispatcher.py first seen with mtime 1622021611.6940744
File D:\django project\py3.7\Lib\site-packages\django\utils\regex_helper.py first seen with mtime 1622021611.8468366
File C:\Users\brave\AppData\Local\Programs\Python\Python39\Lib\email\generator.py first seen with mtime 1617689616.0
File C:\Users\brave\AppData\Local\Programs\Python\Python39\Lib\types.py first seen with mtime 1617689618.0
File D:\django project\py3.7\Lib\site-packages\pytz\__init__.py first seen with mtime 1622021606.3053567
File D:\django project\py3.7\Lib\site-packages\django\utils\topological_sort.py first seen with mtime 1622021611.8528202
File D:\django project\py3.7\Lib\site-packages\django\core\files\base.py first seen with mtime 1622021611.4976232
File D:\django project\py3.7\Lib\site-packages\django\contrib\staticfiles\handlers.py first seen with mtime 1622021611.4555624
File D:\django project\py3.7\Lib\site-packages\django\contrib\staticfiles\management\commands\__init__.py first seen with mtime 1622021611.4615448
File C:\Users\brave\AppData\Local\Programs\Python\Python39\Lib\sre_constants.py first seen with mtime 1617689618.0
File D:\django project\py3.7\Lib\site-packages\django\forms\formsets.py first seen with mtime 1622021611.700058
File D:\django project\py3.7\Lib\site-packages\django\conf\global_settings.py first seen with mtime 1622021607.2552187
File D:\django project\py3.7\Lib\site-packages\django\db\backends\sqlite3\client.py first seen with mtime 1622021611.612292
File D:\django project\py3.7\Lib\site-packages\django\db\migrations\state.py first seen with mtime 1622021611.632241
File D:\django project\py3.7\Lib\site-packages\django\contrib\staticfiles\finders.py first seen with mtime 1622021611.454564
File D:\django project\py3.7\Lib\site-packages\django\utils\autoreload.py first seen with mtime 1622021611.815954
File C:\Users\brave\AppData\Local\Programs\Python\Python39\Lib\json\encoder.py first seen with mtime 1617689618.0
File C:\Users\brave\AppData\Local\Programs\Python\Python39\Lib\quopri.py first seen with mtime 1617689618.0
File D:\django project\py3.7\Lib\site-packages\django\utils\version.py first seen with mtime 1622021611.8538191
File D:\django project\py3.7\Lib\site-packages\django\contrib\sessions\models.py first seen with mtime 1622021610.4716084
File C:\Users\brave\AppData\Local\Programs\Python\Python39\Lib\importlib\machinery.py first seen with mtime 1617689618.0
File D:\django project\py3.7\Lib\site-packages\sqlparse\filters\right_margin.py first seen with mtime 1622021604.3714435
File D:\django project\py3.7\Lib\site-packages\django\db\models\utils.py first seen with mtime 1622021611.6601644
File D:\django project\py3.7\Lib\site-packages\django\contrib\admin\utils.py first seen with mtime 1622021607.6169536
File D:\django project\py3.7\Lib\site-packages\django\utils\dateparse.py first seen with mtime 1622021611.823918
File D:\django project\py3.7\Lib\site-packages\django\core\files\temp.py first seen with mtime 1622021611.504575
File C:\Users\brave\AppData\Local\Programs\Python\Python39\DLLs\_sqlite3.pyd first seen with mtime 1617689670.0
File C:\Users\brave\AppData\Local\Programs\Python\Python39\Lib\_sitebuiltins.py first seen with mtime 1617689616.0
File D:\django project\py3.7\Lib\site-packages\django\template\loader.py first seen with mtime 1622021611.7788475
File C:\Users\brave\AppData\Local\Programs\Python\Python39\Lib\http\cookies.py first seen with mtime 1617689616.0
File C:\Users\brave\AppData\Local\Programs\Python\Python39\Lib\datetime.py first seen with mtime 1617689616.0
File D:\django project\py3.7\Lib\site-packages\django\core\files\storage.py first seen with mtime 1622021611.5025806
File C:\Users\brave\AppData\Local\Programs\Python\Python39\Lib\asyncio\queues.py first seen with mtime 1617689616.0
File C:\Users\brave\AppData\Local\Programs\Python\Python39\Lib\genericpath.py first seen with mtime 1617689616.0
File C:\Users\brave\AppData\Local\Programs\Python\Python39\Lib\reprlib.py first seen with mtime 1617689618.0
File C:\Users\brave\AppData\Local\Programs\Python\Python39\Lib\email\__init__.py first seen with mtime 1617689616.0
File D:\django project\py3.7\Lib\site-packages\pytz\lazy.py first seen with mtime 1622021606.307351
File D:\django project\py3.7\Lib\site-packages\django\views\decorators\csrf.py first seen with mtime 1622021611.8677807
File D:\django project\py3.7\Lib\site-packages\django\forms\models.py first seen with mtime 1622021611.7010562
File D:\django project\py3.7\Lib\site-packages\django\core\validators.py first seen with mtime 1622021611.472562
File D:\django project\py3.7\Lib\site-packages\django\middleware\__init__.py first seen with mtime 1622021611.7579043
File C:\Users\brave\AppData\Local\Programs\Python\Python39\Lib\pprint.py first seen with mtime 1617689618.0
File C:\Users\brave\AppData\Local\Programs\Python\Python39\Lib\email\policy.py first seen with mtime 1617689616.0
File C:\Users\brave\AppData\Local\Programs\Python\Python39\Lib\abc.py first seen with mtime 1617689616.0
File C:\Users\brave\AppData\Local\Programs\Python\Python39\Lib\logging\config.py first seen with mtime 1617689618.0
File D:\django project\py3.7\Lib\site-packages\pytz\tzinfo.py first seen with mtime 1622021606.3103714
File C:\Users\brave\AppData\Local\Programs\Python\Python39\Lib\asyncio\streams.py first seen with mtime 1617689616.0
File C:\Users\brave\AppData\Local\Programs\Python\Python39\DLLs\_decimal.pyd first seen with mtime 1617689672.0
File D:\django project\py3.7\Lib\site-packages\django\db\models\enums.py first seen with mtime 1622021611.6501918
File D:\django project\py3.7\Lib\site-packages\django\db\models\constants.py first seen with mtime 1622021611.646202
File D:\django project\py3.7\Lib\site-packages\django\template\utils.py first seen with mtime 1622021611.7818408
File D:\django project\py3.7\Lib\site-packages\django\template\base.py first seen with mtime 1622021611.7668796
File C:\Users\brave\AppData\Local\Programs\Python\Python39\Lib\calendar.py first seen with mtime 1617689616.0
File D:\django project\py3.7\Lib\site-packages\django\db\utils.py first seen with mtime 1622021611.5624185
File D:\django project\py3.7\Lib\site-packages\sqlparse\filters\reindent.py first seen with mtime 1622021604.3704188
File C:\Users\brave\AppData\Local\Programs\Python\Python39\Lib\weakref.py first seen with mtime 1617689618.0
File D:\django project\py3.7\Lib\site-packages\django\contrib\sessions\base_session.py first seen with mtime 1622021610.4695837
File D:\django project\py3.7\Lib\site-packages\sqlparse\exceptions.py first seen with mtime 1622021604.357453
File D:\django project\py3.7\Lib\site-packages\django\core\exceptions.py first seen with mtime 1622021611.4685283
File D:\django project\py3.7\Lib\site-packages\sqlparse\filters\tokens.py first seen with mtime 1622021604.3724139
File D:\django project\py3.7\Lib\site-packages\django\utils\__init__.py first seen with mtime 1622021611.812964
File D:\django project\py3.7\Lib\site-packages\django\core\cache\__init__.py first seen with mtime 1622021611.4756484
File D:\django project\py3.7\Lib\site-packages\django\template\loader_tags.py first seen with mtime 1622021611.7798815
File D:\django project\py3.7\Lib\site-packages\django\db\models\manager.py first seen with mtime 1622021611.6551785
File C:\Users\brave\AppData\Local\Programs\Python\Python39\Lib\queue.py first seen with mtime 1617689618.0
File C:\Users\brave\AppData\Local\Programs\Python\Python39\Lib\concurrent\futures\thread.py first seen with mtime 1617689616.0
File D:\django project\py3.7\Lib\site-packages\django\http\request.py first seen with mtime 1622021611.755937
File D:\django project\py3.7\Lib\site-packages\django\views\decorators\__init__.py first seen with mtime 1622021611.8637922
File D:\django project\py3.7\Lib\site-packages\sqlparse\__init__.py first seen with mtime 1622021604.3534913
File C:\Users\brave\AppData\Local\Programs\Python\Python39\Lib\sre_compile.py first seen with mtime 1617689618.0
File C:\Users\brave\AppData\Local\Programs\Python\Python39\Lib\_compat_pickle.py first seen with mtime 1617689616.0
File C:\Users\brave\AppData\Local\Programs\Python\Python39\Lib\email\mime\nonmultipart.py first seen with mtime 1617689616.0
File C:\Users\brave\AppData\Local\Programs\Python\Python39\Lib\asyncio\staggered.py first seen with mtime 1617689616.0
File D:\django project\py3.7\Lib\site-packages\django\middleware\cache.py first seen with mtime 1622021611.7589002
File C:\Users\brave\AppData\Local\Programs\Python\Python39\Lib\ipaddress.py first seen with mtime 1617689618.0
File C:\Users\brave\AppData\Local\Programs\Python\Python39\Lib\unittest\runner.py first seen with mtime 1617689618.0
File C:\Users\brave\AppData\Local\Programs\Python\Python39\Lib\cgi.py first seen with mtime 1617689616.0
File D:\django project\py3.7\Lib\site-packages\django\db\models\fields\files.py first seen with mtime 1622021611.6641543
File C:\Users\brave\AppData\Local\Programs\Python\Python39\Lib\concurrent\futures\__init__.py first seen with mtime 1617689616.0
File D:\django project\py3.7\Lib\site-packages\django\db\backends\base\introspection.py first seen with mtime 1622021611.5723927
File D:\django project\py3.7\Lib\site-packages\django\db\models\signals.py first seen with mtime 1622021611.6591673
File C:\Users\brave\AppData\Local\Programs\Python\Python39\Lib\encodings\utf_8.py first seen with mtime 1617689616.0
File D:\django project\py3.7\Lib\site-packages\django\contrib\admin\actions.py first seen with mtime 1622021607.6049862
File D:\django project\py3.7\Lib\site-packages\django\db\models\functions\__init__.py first seen with mtime 1622021611.6741285
File C:\Users\brave\AppData\Local\Programs\Python\Python39\Lib\opcode.py first seen with mtime 1617689618.0
File D:\django project\py3.7\Lib\site-packages\django\utils\baseconv.py first seen with mtime 1622021611.8169167
File C:\Users\brave\AppData\Local\Programs\Python\Python39\Lib\asyncio\constants.py first seen with mtime 1617689616.0
File C:\Users\brave\AppData\Local\Programs\Python\Python39\DLLs\select.pyd first seen with mtime 1617689670.0
File D:\django project\py3.7\Lib\site-packages\django\utils\hashable.py first seen with mtime 1622021611.836864
File D:\django project\py3.7\Lib\site-packages\django\db\backends\ddl_references.py first seen with mtime 1622021611.5644133
File D:\django project\py3.7\Lib\site-packages\django\contrib\auth\checks.py first seen with mtime 1622021608.7352939
File C:\Users\brave\AppData\Local\Programs\Python\Python39\Lib\contextlib.py first seen with mtime 1617689616.0
File D:\django project\py3.7\Lib\site-packages\django\core\checks\registry.py first seen with mtime 1622021611.4886172
File D:\django project\py3.7\Lib\site-packages\sqlparse\formatter.py first seen with mtime 1622021604.3584516
File D:\django project\py3.7\Lib\site-packages\sqlparse\sql.py first seen with mtime 1622021604.361471
File C:\Users\brave\AppData\Local\Programs\Python\Python39\Lib\email\mime\text.py first seen with mtime 1617689616.0
File C:\Users\brave\AppData\Local\Programs\Python\Python39\Lib\statistics.py first seen with mtime 1617689618.0
File D:\django project\py3.7\Lib\site-packages\django\contrib\sessions\__init__.py first seen with mtime 1622021610.4686227
File D:\django project\py3.7\Lib\site-packages\django\contrib\admin\helpers.py first seen with mtime 1622021607.6129642
File D:\django project\py3.7\Lib\site-packages\django\forms\boundfield.py first seen with mtime 1622021611.6970663
File C:\Users\brave\AppData\Local\Programs\Python\Python39\Lib\email\encoders.py first seen with mtime 1617689616.0
File C:\Users\brave\AppData\Local\Programs\Python\Python39\Lib\asyncio\threads.py first seen with mtime 1617689616.0
File D:\django project\py3.7\Lib\site-packages\django\core\management\color.py first seen with mtime 1622021611.5225253
File C:\Users\brave\AppData\Local\Programs\Python\Python39\Lib\difflib.py first seen with mtime 1617689616.0
File D:\django project\py3.7\hello_django\hello_django\urls.py first seen with mtime 1622021639.70835
File D:\django project\py3.7\Lib\site-packages\django\utils\dates.py first seen with mtime 1622021611.8269107
File C:\Users\brave\AppData\Local\Programs\Python\Python39\Lib\asyncio\log.py first seen with mtime 1617689616.0
File D:\django project\py3.7\Lib\site-packages\django\contrib\admin\templatetags\log.py first seen with mtime 1622021608.5101204
File D:\django project\py3.7\Lib\site-packages\django\forms\widgets.py first seen with mtime 1622021611.7050462
File C:\Users\brave\AppData\Local\Programs\Python\Python39\Lib\asyncio\base_events.py first seen with mtime 1617689616.0
File D:\django project\py3.7\Lib\site-packages\django\db\models\functions\datetime.py first seen with mtime 1622021611.679114
File D:\django project\py3.7\Lib\site-packages\django\forms\renderers.py first seen with mtime 1622021611.7030525
File D:\django project\py3.7\Lib\site-packages\django\core\management\__init__.py first seen with mtime 1622021611.520533
File D:\django project\py3.7\Lib\site-packages\django\middleware\security.py first seen with mtime 1622021611.7638881
File D:\django project\py3.7\Lib\site-packages\django\views\generic\edit.py first seen with mtime 1622021611.8807852
File D:\django project\py3.7\Lib\site-packages\django\forms\__init__.py first seen with mtime 1622021611.6960683
File D:\django project\py3.7\Lib\site-packages\django\contrib\contenttypes\management\__init__.py first seen with mtime 1622021609.2553353
File D:\django project\py3.7\Lib\site-packages\django\db\backends\sqlite3\base.py first seen with mtime 1622021611.612292
File D:\django project\py3.7\Lib\site-packages\django\db\backends\base\validation.py first seen with mtime 1622021611.5783772
File D:\django project\py3.7\Lib\site-packages\django\template\library.py first seen with mtime 1622021611.776853
File C:\Users\brave\AppData\Local\Programs\Python\Python39\Lib\encodings\__init__.py first seen with mtime 1617689616.0
File C:\Users\brave\AppData\Local\Programs\Python\Python39\Lib\traceback.py first seen with mtime 1617689618.0
File D:\django project\py3.7\Lib\site-packages\django\utils\decorators.py first seen with mtime 1622021611.8299181
File C:\Users\brave\AppData\Local\Programs\Python\Python39\Lib\asyncio\locks.py first seen with mtime 1617689616.0
File D:\django project\py3.7\Lib\site-packages\django\utils\lorem_ipsum.py first seen with mtime 1622021611.844842
File C:\Users\brave\AppData\Local\Programs\Python\Python39\Lib\tempfile.py first seen with mtime 1617689618.0
File C:\Users\brave\AppData\Local\Programs\Python\Python39\DLLs\_ctypes.pyd first seen with mtime 1617689670.0
File C:\Users\brave\AppData\Local\Programs\Python\Python39\Lib\ntpath.py first seen with mtime 1617689618.0
File D:\django project\py3.7\Lib\site-packages\django\core\checks\messages.py first seen with mtime 1622021611.4856248
File C:\Users\brave\AppData\Local\Programs\Python\Python39\Lib\token.py first seen with mtime 1617689618.0
File D:\django project\py3.7\Lib\site-packages\django\utils\translation\__init__.py first seen with mtime 1622021611.8558135
File C:\Users\brave\AppData\Local\Programs\Python\Python39\Lib\urllib\error.py first seen with mtime 1617689618.0
File D:\django project\py3.7\hello_django\hello_django\__init__.py first seen with mtime 1622021639.7093823
File C:\Users\brave\AppData\Local\Programs\Python\Python39\Lib\secrets.py first seen with mtime 1617689618.0
File C:\Users\brave\AppData\Local\Programs\Python\Python39\Lib\signal.py first seen with mtime 1617689618.0
File C:\Users\brave\AppData\Local\Programs\Python\Python39\DLLs\_ssl.pyd first seen with mtime 1617689670.0
File D:\django project\py3.7\Lib\site-packages\django\utils\numberformat.py first seen with mtime 1622021611.8458395
File C:\Users\brave\AppData\Local\Programs\Python\Python39\Lib\http\__init__.py first seen with mtime 1617689616.0
File D:\django project\py3.7\Lib\site-packages\django\contrib\auth\backends.py first seen with mtime 1622021608.7332993
File D:\django project\py3.7\Lib\site-packages\django\core\management\base.py first seen with mtime 1622021611.521528
File D:\django project\py3.7\Lib\site-packages\django\views\generic\detail.py first seen with mtime 1622021611.8767574
File D:\django project\py3.7\Lib\site-packages\django\views\decorators\debug.py first seen with mtime 1622021611.8687785
File C:\Users\brave\AppData\Local\Programs\Python\Python39\Lib\bz2.py first seen with mtime 1617689616.0
File D:\django project\py3.7\Lib\site-packages\django\utils\termcolors.py first seen with mtime 1622021611.8478732
File C:\Users\brave\AppData\Local\Programs\Python\Python39\Lib\wsgiref\util.py first seen with mtime 1617689618.0
File C:\Users\brave\AppData\Local\Programs\Python\Python39\Lib\unittest\signals.py first seen with mtime 1617689618.0
File D:\django project\py3.7\Lib\site-packages\django\db\migrations\operations\utils.py first seen with mtime 1622021611.6432104
File D:\django project\py3.7\Lib\site-packages\django\db\models\sql\constants.py first seen with mtime 1622021611.6870944
File C:\Users\brave\AppData\Local\Programs\Python\Python39\Lib\glob.py first seen with mtime 1617689616.0
File D:\django project\py3.7\Lib\site-packages\django\conf\__init__.py first seen with mtime 1622021607.254218
File D:\django project\py3.7\Lib\site-packages\django\db\models\query_utils.py first seen with mtime 1622021611.6591673
File C:\Users\brave\AppData\Local\Programs\Python\Python39\Lib\pkgutil.py first seen with mtime 1617689618.0
File C:\Users\brave\AppData\Local\Programs\Python\Python39\Lib\email\_header_value_parser.py first seen with mtime 1617689616.0
File D:\django project\py3.7\Lib\site-packages\sqlparse\engine\__init__.py first seen with mtime 1622021604.3634374
File D:\django project\py3.7\Lib\site-packages\django\db\migrations\__init__.py first seen with mtime 1622021611.6172798
File D:\django project\py3.7\Lib\site-packages\django\core\checks\security\sessions.py first seen with mtime 1622021611.4965951
File C:\Users\brave\AppData\Local\Programs\Python\Python39\Lib\argparse.py first seen with mtime 1617689616.0
File D:\django project\py3.7\Lib\site-packages\django\urls\__init__.py first seen with mtime 1622021611.8079405
File D:\django project\py3.7\Lib\site-packages\sqlparse\keywords.py first seen with mtime 1622021604.359484
File C:\Users\brave\AppData\Local\Programs\Python\Python39\Lib\ssl.py first seen with mtime 1617689618.0
File D:\django project\py3.7\Lib\site-packages\django\views\csrf.py first seen with mtime 1622021611.859803
File C:\Users\brave\AppData\Local\Programs\Python\Python39\Lib\email\message.py first seen with mtime 1617689616.0
File D:\django project\py3.7\Lib\site-packages\django\contrib\auth\forms.py first seen with mtime 1622021608.739283
File C:\Users\brave\AppData\Local\Programs\Python\Python39\Lib\socket.py first seen with mtime 1617689618.0
File C:\Users\brave\AppData\Local\Programs\Python\Python39\Lib\socketserver.py first seen with mtime 1617689618.0
File C:\Users\brave\AppData\Local\Programs\Python\Python39\Lib\string.py first seen with mtime 1617689618.0
File D:\django project\py3.7\Lib\site-packages\sqlparse\engine\grouping.py first seen with mtime 1622021604.3654335
File C:\Users\brave\AppData\Local\Programs\Python\Python39\Lib\pathlib.py first seen with mtime 1617689618.0
File D:\django project\py3.7\Lib\site-packages\django\db\backends\base\features.py first seen with mtime 1622021611.5713959
File D:\django project\py3.7\Lib\site-packages\django\utils\itercompat.py first seen with mtime 1622021611.841887
File D:\django project\py3.7\Lib\site-packages\django\template\context.py first seen with mtime 1622021611.767879
File D:\django project\py3.7\Lib\site-packages\django\apps\registry.py first seen with mtime 1622021607.2522254
File D:\django project\py3.7\Lib\site-packages\django\utils\deprecation.py first seen with mtime 1622021611.8309188
File D:\django project\py3.7\Lib\site-packages\django\core\management\commands\__init__.py first seen with mtime 1622021611.5255175
File D:\django project\py3.7\Lib\site-packages\django\core\files\utils.py first seen with mtime 1622021611.5065682
File D:\django project\py3.7\Lib\site-packages\django\template\backends\django.py first seen with mtime 1622021611.784835
File D:\django project\py3.7\Lib\site-packages\django\db\backends\utils.py first seen with mtime 1622021611.5654106
File D:\django project\py3.7\Lib\site-packages\django\templatetags\__init__.py first seen with mtime 1622021611.7938075
File C:\Users\brave\AppData\Local\Programs\Python\Python39\Lib\fractions.py first seen with mtime 1617689616.0
File C:\Users\brave\AppData\Local\Programs\Python\Python39\Lib\ctypes\wintypes.py first seen with mtime 1617689616.0
File C:\Users\brave\AppData\Local\Programs\Python\Python39\Lib\wsgiref\__init__.py first seen with mtime 1617689618.0
File C:\Users\brave\AppData\Local\Programs\Python\Python39\Lib\email\headerregistry.py first seen with mtime 1617689616.0
File C:\Users\brave\AppData\Local\Programs\Python\Python39\Lib\getpass.py first seen with mtime 1617689616.0
File C:\Users\brave\AppData\Local\Programs\Python\Python39\Lib\asyncio\proactor_events.py first seen with mtime 1617689616.0
File D:\django project\py3.7\Lib\site-packages\django\db\models\sql\subqueries.py first seen with mtime 1622021611.6910849
File C:\Users\brave\AppData\Local\Programs\Python\Python39\Lib\email\base64mime.py first seen with mtime 1617689616.0
File D:\django project\py3.7\Lib\site-packages\django\contrib\staticfiles\utils.py first seen with mtime 1622021611.4595509
File C:\Users\brave\AppData\Local\Programs\Python\Python39\Lib\_weakrefset.py first seen with mtime 1617689616.0
File D:\django project\py3.7\Lib\site-packages\django\contrib\contenttypes\forms.py first seen with mtime 1622021608.9882412
File D:\django project\py3.7\Lib\site-packages\django\core\serializers\python.py first seen with mtime 1622021611.5564346
File D:\django project\py3.7\Lib\site-packages\django\dispatch\__init__.py first seen with mtime 1622021611.6930768
File D:\django project\py3.7\Lib\site-packages\sqlparse\filters\output.py first seen with mtime 1622021604.3694575
File D:\django project\py3.7\Lib\site-packages\django\urls\utils.py first seen with mtime 1622021611.812964
File C:\Users\brave\AppData\Local\Programs\Python\Python39\Lib\asyncio\protocols.py first seen with mtime 1617689616.0
File D:\django project\py3.7\Lib\site-packages\django\urls\base.py first seen with mtime 1622021611.8089774
File D:\django project\py3.7\Lib\site-packages\django\db\models\options.py first seen with mtime 1622021611.6571727
File C:\Users\brave\AppData\Local\Programs\Python\Python39\Lib\asyncio\tasks.py first seen with mtime 1617689616.0
File D:\django project\py3.7\Lib\site-packages\django\contrib\admin\options.py first seen with mtime 1622021607.6149583
File D:\django project\py3.7\Lib\site-packages\django\core\handlers\exception.py first seen with mtime 1622021611.5105574
File D:\django project\py3.7\Lib\site-packages\django\urls\resolvers.py first seen with mtime 1622021611.8119712
File C:\Users\brave\AppData\Local\Programs\Python\Python39\Lib\wsgiref\handlers.py first seen with mtime 1617689618.0
File C:\Users\brave\AppData\Local\Programs\Python\Python39\Lib\gettext.py first seen with mtime 1617689616.0
File C:\Users\brave\AppData\Local\Programs\Python\Python39\Lib\base64.py first seen with mtime 1617689616.0
File D:\django project\py3.7\Lib\site-packages\django\core\checks\templates.py first seen with mtime 1622021611.489614
File D:\django project\py3.7\Lib\site-packages\django\utils\crypto.py first seen with mtime 1622021611.8199112
File D:\django project\py3.7\Lib\site-packages\django\utils\formats.py first seen with mtime 1622021611.835868
File D:\django project\py3.7\Lib\site-packages\django\contrib\admin\exceptions.py first seen with mtime 1622021607.6099715
File C:\Users\brave\AppData\Local\Programs\Python\Python39\Lib\struct.py first seen with mtime 1617689618.0
File D:\django project\py3.7\Lib\site-packages\django\contrib\admin\sites.py first seen with mtime 1622021607.6159556
File D:\django project\py3.7\Lib\site-packages\asgiref\__init__.py first seen with mtime 1622021607.0616674
File D:\django project\py3.7\Lib\site-packages\django\contrib\auth\management\__init__.py first seen with mtime 1622021608.9623446
File D:\django project\py3.7\Lib\site-packages\django\template\engine.py first seen with mtime 1622021611.7728646
File C:\Users\brave\AppData\Local\Programs\Python\Python39\Lib\encodings\aliases.py first seen with mtime 1617689616.0
File D:\django project\py3.7\Lib\site-packages\django\core\serializers\__init__.py first seen with mtime 1622021611.5524468
File D:\django project\py3.7\hello_django\hello_django\settings.py first seen with mtime 1622021782.7048705
File C:\Users\brave\AppData\Local\Programs\Python\Python39\Lib\locale.py first seen with mtime 1617689618.0
File C:\Users\brave\AppData\Local\Programs\Python\Python39\Lib\lzma.py first seen with mtime 1617689618.0
File D:\django project\py3.7\Lib\site-packages\django\contrib\messages\apps.py first seen with mtime 1622021610.0933142
File D:\django project\py3.7\Lib\site-packages\django\utils\_os.py first seen with mtime 1622021611.8139246
File D:\django project\py3.7\Lib\site-packages\django\utils\translation\trans_real.py first seen with mtime 1622021611.8588057
File C:\Users\brave\AppData\Local\Programs\Python\Python39\Lib\warnings.py first seen with mtime 1617689618.0
File D:\django project\py3.7\Lib\site-packages\django\core\handlers\wsgi.py first seen with mtime 1622021611.5115552
File D:\django project\py3.7\Lib\site-packages\django\utils\deconstruct.py first seen with mtime 1622021611.8299181
File D:\django project\py3.7\Lib\site-packages\django\views\defaults.py first seen with mtime 1622021611.8617978
File C:\Users\brave\AppData\Local\Programs\Python\Python39\Lib\json\scanner.py first seen with mtime 1617689618.0
File D:\django project\py3.7\Lib\site-packages\django\contrib\admin\views\autocomplete.py first seen with mtime 1622021608.5121522
File D:\django project\py3.7\Lib\site-packages\django\db\backends\sqlite3\operations.py first seen with mtime 1622021611.6152847
File C:\Users\brave\AppData\Local\Programs\Python\Python39\Lib\http\client.py first seen with mtime 1617689616.0
File D:\django project\py3.7\Lib\site-packages\django\db\backends\sqlite3\creation.py first seen with mtime 1622021611.6132898
File D:\django project\py3.7\Lib\site-packages\django\contrib\auth\signals.py first seen with mtime 1622021608.747262
File C:\Users\brave\AppData\Local\Programs\Python\Python39\Lib\urllib\parse.py first seen with mtime 1617689618.0
File D:\django project\py3.7\Lib\site-packages\django\contrib\auth\tokens.py first seen with mtime 1622021608.7482972
File D:\django project\py3.7\Lib\site-packages\django\template\loaders\app_directories.py first seen with mtime 1622021611.789885
File C:\Users\brave\AppData\Local\Programs\Python\Python39\Lib\email\utils.py first seen with mtime 1617689616.0
File C:\Users\brave\AppData\Local\Programs\Python\Python39\Lib\asyncio\exceptions.py first seen with mtime 1617689616.0
File D:\django project\py3.7\Lib\site-packages\django\core\serializers\json.py first seen with mtime 1622021611.5554378
File C:\Users\brave\AppData\Local\Programs\Python\Python39\Lib\concurrent\__init__.py first seen with mtime 1617689616.0
File D:\django project\py3.7\Lib\site-packages\django\apps\config.py first seen with mtime 1622021607.251227
File D:\django project\py3.7\Lib\site-packages\django\db\backends\signals.py first seen with mtime 1622021611.5644133
File D:\django project\py3.7\Lib\site-packages\django\utils\datetime_safe.py first seen with mtime 1622021611.8278944
File C:\Users\brave\AppData\Local\Programs\Python\Python39\Lib\wsgiref\simple_server.py first seen with mtime 1617689618.0
File D:\django project\py3.7\Lib\site-packages\django\contrib\admin\templatetags\__init__.py first seen with mtime 1622021608.5061588
File D:\django project\py3.7\Lib\site-packages\django\db\backends\base\__init__.py first seen with mtime 1622021611.566408
File D:\django project\py3.7\Lib\site-packages\django\core\files\locks.py first seen with mtime 1622021611.4995878
File C:\Users\brave\AppData\Local\Programs\Python\Python39\Lib\contextvars.py first seen with mtime 1617689616.0
File C:\Users\brave\AppData\Local\Programs\Python\Python39\Lib\logging\__init__.py first seen with mtime 1617689618.0
File D:\django project\py3.7\Lib\site-packages\django\utils\functional.py first seen with mtime 1622021611.836864
File D:\django project\py3.7\Lib\site-packages\django\contrib\staticfiles\views.py first seen with mtime 1622021611.4605477
File D:\django project\py3.7\Lib\site-packages\django\contrib\contenttypes\views.py first seen with mtime 1622021608.9922297
File D:\django project\py3.7\Lib\site-packages\django\db\migrations\operations\fields.py first seen with mtime 1622021611.6402183
File C:\Users\brave\AppData\Local\Programs\Python\Python39\Lib\asyncio\trsock.py first seen with mtime 1617689616.0
File D:\django project\py3.7\Lib\site-packages\django\core\__init__.py first seen with mtime 1622021611.466531
File D:\django project\py3.7\Lib\site-packages\django\templatetags\i18n.py first seen with mtime 1622021611.7958386
File D:\django project\py3.7\Lib\site-packages\django\utils\connection.py first seen with mtime 1622021611.8199112
File D:\django project\py3.7\Lib\site-packages\django\db\models\constraints.py first seen with mtime 1622021611.647199
File D:\django project\py3.7\Lib\site-packages\django\contrib\admin\filters.py first seen with mtime 1622021607.6109688
File D:\django project\py3.7\Lib\site-packages\django\utils\html.py first seen with mtime 1622021611.8378623
File D:\django project\py3.7\Lib\site-packages\django\db\models\indexes.py first seen with mtime 1622021611.6531847
File D:\django project\py3.7\Lib\site-packages\django\core\cache\backends\__init__.py first seen with mtime 1622021611.4766805
File D:\django project\py3.7\Lib\site-packages\django\db\models\sql\datastructures.py first seen with mtime 1622021611.6890907
File C:\Users\brave\AppData\Local\Programs\Python\Python39\Lib\logging\handlers.py first seen with mtime 1617689618.0
File C:\Users\brave\AppData\Local\Programs\Python\Python39\Lib\email\quoprimime.py first seen with mtime 1617689616.0
File D:\django project\py3.7\Lib\site-packages\django\db\models\functions\window.py first seen with mtime 1622021611.683105
File C:\Users\brave\AppData\Local\Programs\Python\Python39\DLLs\_overlapped.pyd first seen with mtime 1617689670.0
File D:\django project\py3.7\hello_django\manage.py first seen with mtime 1622021639.7033978
File C:\Users\brave\AppData\Local\Programs\Python\Python39\Lib\tokenize.py first seen with mtime 1617689618.0
File D:\django project\py3.7\Lib\site-packages\django\template\loaders\__init__.py first seen with mtime 1622021611.7888217
File D:\django project\py3.7\Lib\site-packages\django\contrib\staticfiles\management\__init__.py first seen with mtime 1622021611.4615448
File D:\django project\py3.7\Lib\site-packages\django\http\multipartparser.py first seen with mtime 1622021611.7549112
File C:\Users\brave\AppData\Local\Programs\Python\Python39\Lib\encodings\latin_1.py first seen with mtime 1617689616.0
File D:\django project\py3.7\Lib\site-packages\django\contrib\admin\templatetags\base.py first seen with mtime 1622021608.5101204
File D:\django project\py3.7\Lib\site-packages\django\core\cache\utils.py first seen with mtime 1622021611.4756484
File D:\django project\py3.7\Lib\site-packages\django\db\backends\base\base.py first seen with mtime 1622021611.5674064
File C:\Users\brave\AppData\Local\Programs\Python\Python39\DLLs\_socket.pyd first seen with mtime 1617689670.0
File C:\Users\brave\AppData\Local\Programs\Python\Python39\Lib\html\entities.py first seen with mtime 1617689616.0
File D:\django project\py3.7\Lib\site-packages\sqlparse\lexer.py first seen with mtime 1622021604.3604457
File C:\Users\brave\AppData\Local\Programs\Python\Python39\Lib\functools.py first seen with mtime 1617689616.0
File C:\Users\brave\AppData\Local\Programs\Python\Python39\Lib\sqlite3\__init__.py first seen with mtime 1617689618.0
File D:\django project\py3.7\Lib\site-packages\django\utils\safestring.py first seen with mtime 1622021611.8478732
File D:\django project\py3.7\Lib\site-packages\sqlparse\utils.py first seen with mtime 1622021604.36244
File D:\django project\py3.7\Lib\site-packages\django\db\models\fields\json.py first seen with mtime 1622021611.6651511
File D:\django project\py3.7\Lib\site-packages\django\contrib\contenttypes\fields.py first seen with mtime 1622021608.987246
File D:\django project\py3.7\Lib\site-packages\django\contrib\messages\__init__.py first seen with mtime 1622021610.0893252
File D:\django project\py3.7\Lib\site-packages\django\http\__init__.py first seen with mtime 1622021611.753914
File D:\django project\py3.7\Lib\site-packages\django\views\generic\list.py first seen with mtime 1622021611.881781
File C:\Users\brave\AppData\Local\Programs\Python\Python39\Lib\email\charset.py first seen with mtime 1617689616.0
File D:\django project\py3.7\Lib\site-packages\django\views\i18n.py first seen with mtime 1622021611.8617978
File D:\django project\py3.7\Lib\site-packages\django\core\checks\model_checks.py first seen with mtime 1622021611.4866254
File D:\django project\py3.7\Lib\site-packages\django\core\checks\caches.py first seen with mtime 1622021611.4836302
File C:\Users\brave\AppData\Local\Programs\Python\Python39\Lib\concurrent\futures\_base.py first seen with mtime 1617689616.0
File D:\django project\py3.7\Lib\site-packages\django\utils\cache.py first seen with mtime 1622021611.8189116
File D:\django project\py3.7\Lib\site-packages\django\contrib\admin\models.py first seen with mtime 1622021607.6129642
File D:\django project\py3.7\Lib\site-packages\django\template\loaders\base.py first seen with mtime 1622021611.7908156
File D:\django project\py3.7\Lib\site-packages\django\views\decorators\cache.py first seen with mtime 1622021611.8658268
File C:\Users\brave\AppData\Local\Programs\Python\Python39\DLLs\_bz2.pyd first seen with mtime 1617689670.0
File C:\Users\brave\AppData\Local\Programs\Python\Python39\Lib\numbers.py first seen with mtime 1617689618.0
File D:\django project\py3.7\Lib\site-packages\django\db\models\expressions.py first seen with mtime 1622021611.6521876
File D:\django project\py3.7\Lib\site-packages\django\utils\encoding.py first seen with mtime 1622021611.8329144
File D:\django project\py3.7\Lib\site-packages\django\contrib\sites\shortcuts.py first seen with mtime 1622021611.2188392
File D:\django project\py3.7\Lib\site-packages\django\core\files\images.py first seen with mtime 1622021611.498641
File D:\django project\py3.7\Lib\site-packages\django\utils\text.py first seen with mtime 1622021611.848831
File D:\django project\py3.7\Lib\site-packages\django\contrib\contenttypes\apps.py first seen with mtime 1622021608.983255
File D:\django project\py3.7\Lib\site-packages\django\db\transaction.py first seen with mtime 1622021611.5624185
File D:\django project\py3.7\Lib\site-packages\django\db\backends\base\schema.py first seen with mtime 1622021611.5743866
File C:\Users\brave\AppData\Local\Programs\Python\Python39\Lib\ctypes\__init__.py first seen with mtime 1617689616.0
File C:\Users\brave\AppData\Local\Programs\Python\Python39\Lib\encodings\cp950.py first seen with mtime 1617689616.0
File D:\django project\py3.7\Lib\site-packages\django\template\defaulttags.py first seen with mtime 1622021611.7719035
File D:\django project\py3.7\Lib\site-packages\django\db\models\lookups.py first seen with mtime 1622021611.654182
File C:\Users\brave\AppData\Local\Programs\Python\Python39\Lib\json\decoder.py first seen with mtime 1617689618.0
File D:\django project\py3.7\Lib\site-packages\django\contrib\auth\validators.py first seen with mtime 1622021608.7502563
File D:\django project\py3.7\Lib\site-packages\django\core\cache\backends\filebased.py first seen with mtime 1622021611.4796395
File C:\Users\brave\AppData\Local\Programs\Python\Python39\Lib\asyncio\futures.py first seen with mtime 1617689616.0
File D:\django project\py3.7\Lib\site-packages\django\contrib\admin\apps.py first seen with mtime 1622021607.6049862
File C:\Users\brave\AppData\Local\Programs\Python\Python39\Lib\codecs.py first seen with mtime 1617689616.0
File C:\Users\brave\AppData\Local\Programs\Python\Python39\Lib\email\iterators.py first seen with mtime 1617689616.0
File C:\Users\brave\AppData\Local\Programs\Python\Python39\Lib\unittest\result.py first seen with mtime 1617689618.0
File C:\Users\brave\AppData\Local\Programs\Python\Python39\Lib\bisect.py first seen with mtime 1617689616.0
File D:\django project\py3.7\Lib\site-packages\django\db\models\functions\text.py first seen with mtime 1622021611.6821072
File D:\django project\py3.7\Lib\site-packages\django\views\generic\__init__.py first seen with mtime 1622021611.8727686
File D:\django project\py3.7\Lib\site-packages\django\templatetags\static.py first seen with mtime 1622021611.796799
File C:\Users\brave\AppData\Local\Programs\Python\Python39\Lib\unittest\suite.py first seen with mtime 1617689618.0
File C:\Users\brave\AppData\Local\Programs\Python\Python39\Lib\uuid.py first seen with mtime 1617689618.0
File D:\django project\py3.7\Lib\site-packages\django\contrib\sessions\middleware.py first seen with mtime 1622021610.4716084
File D:\django project\py3.7\Lib\site-packages\django\core\files\uploadhandler.py first seen with mtime 1622021611.5065682
File C:\Users\brave\AppData\Local\Programs\Python\Python39\DLLs\_queue.pyd first seen with mtime 1617689670.0
File D:\django project\py3.7\Lib\site-packages\django\forms\utils.py first seen with mtime 1622021611.704049
File D:\django project\py3.7\Lib\site-packages\django\views\decorators\common.py first seen with mtime 1622021611.866807
File D:\django project\py3.7\Lib\site-packages\django\forms\forms.py first seen with mtime 1622021611.699061
File D:\django project\py3.7\Lib\site-packages\django\contrib\messages\api.py first seen with mtime 1622021610.0923164
File D:\django project\py3.7\Lib\site-packages\django\utils\timesince.py first seen with mtime 1622021611.849828
File D:\django project\py3.7\Lib\site-packages\django\core\servers\basehttp.py first seen with mtime 1622021611.560425
File D:\django project\py3.7\Lib\site-packages\django\db\backends\base\client.py first seen with mtime 1622021611.5684073
File D:\django project\py3.7\Lib\site-packages\django\core\mail\__init__.py first seen with mtime 1622021611.5115552
File C:\Users\brave\AppData\Local\Programs\Python\Python39\DLLs\_asyncio.pyd first seen with mtime 1617689670.0
File D:\django project\py3.7\Lib\site-packages\django\core\files\uploadedfile.py first seen with mtime 1622021611.5055726
File D:\django project\py3.7\Lib\site-packages\django\contrib\admin\checks.py first seen with mtime 1622021607.605983
File D:\django project\py3.7\Lib\site-packages\django\conf\urls\__init__.py first seen with mtime 1622021607.5999982
File D:\django project\py3.7\Lib\site-packages\django\db\models\fields\proxy.py first seen with mtime 1622021611.6661487
File C:\Users\brave\AppData\Local\Programs\Python\Python39\Lib\unittest\case.py first seen with mtime 1617689618.0
File D:\django project\py3.7\Lib\site-packages\django\contrib\auth\admin.py first seen with mtime 1622021608.7313046
File D:\django project\py3.7\Lib\site-packages\django\core\checks\urls.py first seen with mtime 1622021611.4906106
File C:\Users\brave\AppData\Local\Programs\Python\Python39\Lib\enum.py first seen with mtime 1617689616.0
File C:\Users\brave\AppData\Local\Programs\Python\Python39\Lib\distutils\__init__.py first seen with mtime 1617689616.0
File D:\django project\py3.7\Lib\site-packages\django\views\generic\base.py first seen with mtime 1622021611.8737645
File D:\django project\py3.7\Lib\site-packages\django\views\static.py first seen with mtime 1622021611.862795
File D:\django project\py3.7\Lib\site-packages\sqlparse\tokens.py first seen with mtime 1622021604.36244
File C:\Users\brave\AppData\Local\Programs\Python\Python39\Lib\urllib\request.py first seen with mtime 1617689618.0
File D:\django project\py3.7\Lib\site-packages\django\core\paginator.py first seen with mtime 1622021611.4695234
File C:\Users\brave\AppData\Local\Programs\Python\Python39\Lib\heapq.py first seen with mtime 1617689616.0
File D:\django project\py3.7\Lib\site-packages\django\views\generic\dates.py first seen with mtime 1622021611.8758125
File D:\django project\py3.7\Lib\site-packages\django\db\migrations\utils.py first seen with mtime 1622021611.632241
File C:\Users\brave\AppData\Local\Programs\Python\Python39\Lib\collections\abc.py first seen with mtime 1617689616.0
File D:\django project\py3.7\Lib\site-packages\django\contrib\contenttypes\admin.py first seen with mtime 1622021608.9822838
File D:\django project\py3.7\Lib\site-packages\django\db\models\fields\related_descriptors.py first seen with mtime 1622021611.6701376
File D:\django project\py3.7\Lib\site-packages\django\__init__.py first seen with mtime 1622021607.2462413
File D:\django project\py3.7\Lib\site-packages\django\templatetags\tz.py first seen with mtime 1622021611.7977967
File D:\django project\py3.7\Lib\site-packages\sqlparse\filters\__init__.py first seen with mtime 1622021604.367427
File C:\Users\brave\AppData\Local\Programs\Python\Python39\Lib\operator.py first seen with mtime 1617689618.0
File D:\django project\py3.7\Lib\site-packages\django\contrib\auth\middleware.py first seen with mtime 1622021608.7432752
File C:\Users\brave\AppData\Local\Programs\Python\Python39\Lib\asyncio\windows_utils.py first seen with mtime 1617689616.0
File C:\Users\brave\AppData\Local\Programs\Python\Python39\Lib\linecache.py first seen with mtime 1617689618.0
File D:\django project\py3.7\Lib\site-packages\django\db\models\functions\mixins.py first seen with mtime 1622021611.6811085
File D:\django project\py3.7\Lib\site-packages\django\utils\inspect.py first seen with mtime 1622021611.8398569
File D:\django project\py3.7\Lib\site-packages\_virtualenv.py first seen with mtime 1622021470.1878185
File C:\Users\brave\AppData\Local\Programs\Python\Python39\Lib\asyncio\runners.py first seen with mtime 1617689616.0
File D:\django project\py3.7\Lib\site-packages\django\contrib\__init__.py first seen with mtime 1622021607.6029904
File D:\django project\py3.7\Lib\site-packages\django\db\models\fields\related_lookups.py first seen with mtime 1622021611.6711378
File D:\django project\py3.7\Lib\site-packages\django\db\models\sql\where.py first seen with mtime 1622021611.6920834
File D:\django project\py3.7\Lib\site-packages\django\contrib\admin\widgets.py first seen with mtime 1622021607.6179519
File D:\django project\py3.7\Lib\site-packages\django\db\backends\base\operations.py first seen with mtime 1622021611.5733898
File C:\Users\brave\AppData\Local\Programs\Python\Python39\DLLs\_uuid.pyd first seen with mtime 1617689670.0
File D:\django project\py3.7\Lib\site-packages\django\contrib\admin\views\main.py first seen with mtime 1622021608.5131123
File D:\django project\py3.7\Lib\site-packages\django\core\checks\__init__.py first seen with mtime 1622021611.481673
File D:\django project\py3.7\Lib\site-packages\django\db\backends\base\creation.py first seen with mtime 1622021611.570399
File D:\django project\py3.7\Lib\site-packages\pytz\exceptions.py first seen with mtime 1622021606.3063538
File C:\Users\brave\AppData\Local\Programs\Python\Python39\Lib\sre_parse.py first seen with mtime 1617689618.0
File D:\django project\py3.7\Lib\site-packages\asgiref\local.py first seen with mtime 1622021607.0636628
File D:\django project\py3.7\Lib\site-packages\django\utils\translation\reloader.py first seen with mtime 1622021611.8568113
File D:\django project\py3.7\Lib\site-packages\django\views\__init__.py first seen with mtime 1622021611.859803
File D:\django project\py3.7\Lib\site-packages\django\db\models\__init__.py first seen with mtime 1622021611.6442113
File C:\Users\brave\AppData\Local\Programs\Python\Python39\Lib\nturl2path.py first seen with mtime 1617689618.0
File D:\django project\py3.7\Lib\site-packages\django\contrib\admin\__init__.py first seen with mtime 1622021607.603988
File C:\Users\brave\AppData\Local\Programs\Python\Python39\Lib\email\mime\message.py first seen with mtime 1617689616.0
File D:\django project\py3.7\Lib\site-packages\sqlparse\filters\others.py first seen with mtime 1622021604.3694575
File D:\django project\py3.7\Lib\site-packages\sqlparse\engine\filter_stack.py first seen with mtime 1622021604.3644352
File D:\django project\py3.7\Lib\site-packages\django\middleware\csrf.py first seen with mtime 1622021611.760934
File D:\django project\py3.7\Lib\site-packages\django\contrib\auth\hashers.py first seen with mtime 1622021608.7403193
File D:\django project\py3.7\Lib\site-packages\django\db\migrations\migration.py first seen with mtime 1622021611.626267
File C:\Users\brave\AppData\Local\Programs\Python\Python39\Lib\ctypes\_endian.py first seen with mtime 1617689616.0
File C:\Users\brave\AppData\Local\Programs\Python\Python39\Lib\shutil.py first seen with mtime 1617689618.0
File D:\django project\py3.7\Lib\site-packages\django\db\migrations\operations\special.py first seen with mtime 1622021611.642213
File C:\Users\brave\AppData\Local\Programs\Python\Python39\Lib\email\feedparser.py first seen with mtime 1617689616.0
File C:\Users\brave\AppData\Local\Programs\Python\Python39\Lib\sqlite3\dbapi2.py first seen with mtime 1617689618.0
File D:\django project\py3.7\Lib\site-packages\django\templatetags\cache.py first seen with mtime 1622021611.7948403
File C:\Users\brave\AppData\Local\Programs\Python\Python39\Lib\asyncio\coroutines.py first seen with mtime 1617689616.0
File C:\Users\brave\AppData\Local\Programs\Python\Python39\Lib\mimetypes.py first seen with mtime 1617689618.0
File D:\django project\py3.7\Lib\site-packages\django\http\response.py first seen with mtime 1622021611.7569056
File C:\Users\brave\AppData\Local\Programs\Python\Python39\Lib\email\errors.py first seen with mtime 1617689616.0
File D:\django project\py3.7\Lib\site-packages\django\utils\http.py first seen with mtime 1622021611.8388588
File D:\django project\py3.7\Lib\site-packages\sqlparse\cli.py first seen with mtime 1622021604.3554602
File C:\Users\brave\AppData\Local\Programs\Python\Python39\Lib\wsgiref\headers.py first seen with mtime 1617689618.0
File D:\django project\py3.7\Lib\site-packages\django\utils\asyncio.py first seen with mtime 1622021611.815954
File D:\django project\py3.7\Lib\site-packages\django\contrib\auth\base_user.py first seen with mtime 1622021608.7343326
File D:\django project\py3.7\Lib\site-packages\django\db\backends\sqlite3\features.py first seen with mtime 1622021611.6142867
File D:\django project\py3.7\Lib\site-packages\django\db\models\base.py first seen with mtime 1622021611.646202
File D:\django project\py3.7\Lib\site-packages\django\contrib\admin\templatetags\admin_modify.py first seen with mtime 1622021608.5081253
File C:\Users\brave\AppData\Local\Programs\Python\Python39\DLLs\_hashlib.pyd first seen with mtime 1617689670.0
File C:\Users\brave\AppData\Local\Programs\Python\Python39\Lib\re.py first seen with mtime 1617689618.0
File D:\django project\py3.7\Lib\site-packages\django\template\exceptions.py first seen with mtime 1622021611.7738626
File C:\Users\brave\AppData\Local\Programs\Python\Python39\Lib\platform.py first seen with mtime 1617689618.0
File D:\django project\py3.7\Lib\site-packages\django\utils\datastructures.py first seen with mtime 1622021611.8209076
File D:\django project\py3.7\Lib\site-packages\django\core\serializers\base.py first seen with mtime 1622021611.553444
File D:\django project\py3.7\Lib\site-packages\django\core\checks\async_checks.py first seen with mtime 1622021611.4826314
File D:\django project\py3.7\Lib\site-packages\django\db\models\fields\related.py first seen with mtime 1622021611.6671464
File D:\django project\py3.7\Lib\site-packages\django\template\__init__.py first seen with mtime 1622021611.7648842
File C:\Users\brave\AppData\Local\Programs\Python\Python39\Lib\asyncio\subprocess.py first seen with mtime 1617689616.0
File D:\django project\py3.7\Lib\site-packages\django\contrib\sessions\apps.py first seen with mtime 1622021610.4695837
File D:\django project\py3.7\Lib\site-packages\django\db\models\aggregates.py first seen with mtime 1622021611.6452045
File D:\django project\py3.7\Lib\site-packages\django\db\models\fields\__init__.py first seen with mtime 1622021611.663156
File D:\django project\py3.7\Lib\site-packages\django\forms\fields.py first seen with mtime 1622021611.6980636
File D:\django project\py3.7\Lib\site-packages\sqlparse\engine\statement_splitter.py first seen with mtime 1622021604.36643
File C:\Users\brave\AppData\Local\Programs\Python\Python39\Lib\asyncio\__init__.py first seen with mtime 1617689616.0
File C:\Users\brave\AppData\Local\Programs\Python\Python39\DLLs\_lzma.pyd first seen with mtime 1617689672.0
File D:\django project\py3.7\Lib\site-packages\django\core\cache\backends\locmem.py first seen with mtime 1622021611.4796395
File D:\django project\py3.7\Lib\site-packages\django\db\__init__.py first seen with mtime 1622021611.5614212
File C:\Users\brave\AppData\Local\Programs\Python\Python39\Lib\unittest\util.py first seen with mtime 1617689618.0
File C:\Users\brave\AppData\Local\Programs\Python\Python39\Lib\html\parser.py first seen with mtime 1617689616.0
File C:\Users\brave\AppData\Local\Programs\Python\Python39\Lib\asyncio\sslproto.py first seen with mtime 1617689616.0
File D:\django project\py3.7\Lib\site-packages\django\db\migrations\operations\models.py first seen with mtime 1622021611.6412163
File C:\Users\brave\AppData\Local\Programs\Python\Python39\Lib\email\mime\__init__.py first seen with mtime 1617689616.0
File C:\Users\brave\AppData\Local\Programs\Python\Python39\Lib\email\contentmanager.py first seen with mtime 1617689616.0
File D:\django project\py3.7\Lib\site-packages\django\contrib\auth\models.py first seen with mtime 1622021608.7452693
File C:\Users\brave\AppData\Local\Programs\Python\Python39\Lib\uu.py first seen with mtime 1617689618.0
File C:\Users\brave\AppData\Local\Programs\Python\Python39\Lib\posixpath.py first seen with mtime 1617689618.0
File C:\Users\brave\AppData\Local\Programs\Python\Python39\Lib\site.py first seen with mtime 1617689618.0
File D:\django project\py3.7\Lib\site-packages\django\contrib\admin\decorators.py first seen with mtime 1622021607.6089745
File D:\django project\py3.7\Lib\site-packages\django\core\signing.py first seen with mtime 1622021611.4715185
File C:\Users\brave\AppData\Local\Programs\Python\Python39\Lib\pickle.py first seen with mtime 1617689618.0
File C:\Users\brave\AppData\Local\Programs\Python\Python39\Lib\asyncio\base_subprocess.py first seen with mtime 1617689616.0
File C:\Users\brave\AppData\Local\Programs\Python\Python39\Lib\unittest\loader.py first seen with mtime 1617689618.0
File D:\django project\py3.7\Lib\site-packages\django\apps\__init__.py first seen with mtime 1622021607.2502298
File D:\django project\py3.7\Lib\site-packages\asgiref\current_thread_executor.py first seen with mtime 1622021607.0626647
File D:\django project\py3.7\Lib\site-packages\django\contrib\admin\views\__init__.py first seen with mtime 1622021608.5111182
File D:\django project\py3.7\Lib\site-packages\django\contrib\messages\storage\__init__.py first seen with mtime 1622021610.0983038
File D:\django project\py3.7\Lib\site-packages\django\db\models\query.py first seen with mtime 1622021611.6581697
File C:\Users\brave\AppData\Local\Programs\Python\Python39\Lib\unittest\__init__.py first seen with mtime 1617689618.0
File C:\Users\brave\AppData\Local\Programs\Python\Python39\Lib\hashlib.py first seen with mtime 1617689616.0
File D:\django project\py3.7\Lib\site-packages\django\views\debug.py first seen with mtime 1622021611.8608003
File D:\django project\py3.7\Lib\site-packages\django\utils\module_loading.py first seen with mtime 1622021611.8458395
File D:\django project\py3.7\Lib\site-packages\django\core\checks\database.py first seen with mtime 1622021611.4846282
File D:\django project\py3.7\Lib\site-packages\django\template\smartif.py first seen with mtime 1622021611.7808423
File D:\django project\py3.7\Lib\site-packages\django\utils\timezone.py first seen with mtime 1622021611.8518238
File D:\django project\py3.7\Lib\site-packages\django\contrib\contenttypes\models.py first seen with mtime 1622021608.9912336
File D:\django project\py3.7\Lib\site-packages\django\core\servers\__init__.py first seen with mtime 1622021611.5594268
File C:\Users\brave\AppData\Local\Programs\Python\Python39\Lib\email\mime\base.py first seen with mtime 1617689616.0
File D:\django project\py3.7\Lib\site-packages\django\core\mail\message.py first seen with mtime 1622021611.5125518
File C:\Users\brave\AppData\Local\Programs\Python\Python39\Lib\decimal.py first seen with mtime 1617689616.0
File D:\django project\py3.7\Lib\site-packages\django\contrib\auth\apps.py first seen with mtime 1622021608.7323368
File C:\Users\brave\AppData\Local\Programs\Python\Python39\DLLs\unicodedata.pyd first seen with mtime 1617689672.0
File C:\Users\brave\AppData\Local\Programs\Python\Python39\Lib\distutils\version.py first seen with mtime 1617689616.0
File D:\django project\py3.7\Lib\site-packages\django\contrib\auth\migrations\0002_alter_permission_name_max_length.py first seen with mtime 1622021608.9662993
File D:\django project\py3.7\Lib\site-packages\django\contrib\admin\migrations\0001_initial.py first seen with mtime 1622021607.9871604
File D:\django project\py3.7\Lib\site-packages\django\contrib\sessions\exceptions.py first seen with mtime 1622021610.4706168
File D:\django project\py3.7\Lib\site-packages\django\contrib\auth\migrations\0004_alter_user_username_opts.py first seen with mtime 1622021608.9682949
File D:\django project\py3.7\Lib\site-packages\django\contrib\auth\migrations\__init__.py first seen with mtime 1622021608.97827
File D:\django project\py3.7\Lib\site-packages\django\contrib\auth\migrations\0008_alter_user_username_max_length.py first seen with mtime 1622021608.9722836
File D:\django project\py3.7\Lib\site-packages\django\contrib\contenttypes\migrations\0002_remove_content_type_name.py first seen with mtime 1622021609.258328
File D:\django project\py3.7\Lib\site-packages\django\contrib\admin\migrations\0003_logentry_add_action_flag_choices.py first seen with mtime 1622021607.9911864
File D:\django project\py3.7\Lib\site-packages\django\db\migrations\recorder.py first seen with mtime 1622021611.6292474
File D:\django project\py3.7\Lib\site-packages\django\contrib\auth\migrations\0001_initial.py first seen with mtime 1622021608.9653034
File D:\django project\py3.7\Lib\site-packages\django\contrib\auth\migrations\0005_alter_user_last_login_null.py first seen with mtime 1622021608.969291
File D:\django project\py3.7\Lib\site-packages\django\contrib\messages\middleware.py first seen with mtime 1622021610.0963044
File D:\django project\py3.7\Lib\site-packages\django\contrib\auth\migrations\0009_alter_user_last_name_max_length.py first seen with mtime 1622021608.9722836
File D:\django project\py3.7\Lib\site-packages\django\contrib\sessions\backends\__init__.py first seen with mtime 1622021610.4736083
File D:\django project\py3.7\Lib\site-packages\django\contrib\sessions\migrations\__init__.py first seen with mtime 1622021611.197382
File D:\django project\py3.7\Lib\site-packages\django\db\migrations\executor.py first seen with mtime 1622021611.6212704
File D:\django project\py3.7\Lib\site-packages\django\contrib\sessions\backends\base.py first seen with mtime 1622021610.4746072
File D:\django project\py3.7\Lib\site-packages\django\contrib\sessions\migrations\0001_initial.py first seen with mtime 1622021611.197382
File D:\django project\py3.7\Lib\site-packages\django\middleware\common.py first seen with mtime 1622021611.7598982
File C:\Users\brave\AppData\Local\Programs\Python\Python39\Lib\stringprep.py first seen with mtime 1617689618.0
File D:\django project\py3.7\Lib\site-packages\django\db\migrations\loader.py first seen with mtime 1622021611.6232643
File C:\Users\brave\AppData\Local\Programs\Python\Python39\Lib\encodings\idna.py first seen with mtime 1617689616.0
File D:\django project\py3.7\Lib\site-packages\django\contrib\auth\migrations\0010_alter_group_name_max_length.py first seen with mtime 1622021608.974278
File D:\django project\py3.7\Lib\site-packages\django\contrib\sessions\backends\db.py first seen with mtime 1622021610.4765642
File D:\django project\py3.7\Lib\site-packages\django\contrib\auth\migrations\0007_alter_validators_add_error_messages.py first seen with mtime 1622021608.9713216
File D:\django project\py3.7\Lib\site-packages\django\middleware\clickjacking.py first seen with mtime 1622021611.7589002
File D:\django project\py3.7\Lib\site-packages\django\contrib\contenttypes\migrations\__init__.py first seen with mtime 1622021609.2593234
File D:\django project\py3.7\Lib\site-packages\django\contrib\auth\migrations\0012_alter_user_first_name_max_length.py first seen with mtime 1622021608.976282
File D:\django project\py3.7\Lib\site-packages\django\contrib\admin\migrations\0002_logentry_remove_auto_add.py first seen with mtime 1622021607.9881566
File D:\django project\py3.7\Lib\site-packages\django\contrib\admin\migrations\__init__.py first seen with mtime 1622021607.9911864
File D:\django project\py3.7\Lib\site-packages\django\contrib\auth\migrations\0006_require_contenttypes_0002.py first seen with mtime 1622021608.970292
File D:\django project\py3.7\hello_django\hello_django\wsgi.py first seen with mtime 1622021639.7093823
File D:\django project\py3.7\Lib\site-packages\django\contrib\auth\migrations\0011_update_proxy_permissions.py first seen with mtime 1622021608.9753118
File D:\django project\py3.7\Lib\site-packages\django\contrib\contenttypes\migrations\0001_initial.py first seen with mtime 1622021609.258328
File D:\django project\py3.7\Lib\site-packages\django\db\migrations\graph.py first seen with mtime 1622021611.622267
File D:\django project\py3.7\Lib\site-packages\django\contrib\auth\migrations\0003_alter_user_email_max_length.py first seen with mtime 1622021608.9662993
"GET / HTTP/1.1" 200 10697
"GET /static/admin/css/fonts.css HTTP/1.1" 304 0
"GET /static/admin/fonts/Roboto-Bold-webfont.woff HTTP/1.1" 304 0
"GET /static/admin/fonts/Roboto-Regular-webfont.woff HTTP/1.1" 304 0
"GET /static/admin/fonts/Roboto-Light-webfont.woff HTTP/1.1" 304 0
File D:\django project\py3.7\Lib\site-packages\django\contrib\messages\storage\base.py first seen with mtime 1622021610.1002948
File D:\django project\py3.7\Lib\site-packages\django\contrib\messages\utils.py first seen with mtime 1622021610.09734
File D:\django project\py3.7\Lib\site-packages\django\contrib\sessions\serializers.py first seen with mtime 1622021610.4736083
File D:\django project\py3.7\Lib\site-packages\django\contrib\messages\storage\cookie.py first seen with mtime 1622021610.1012907
File D:\django project\py3.7\Lib\site-packages\django\contrib\messages\storage\fallback.py first seen with mtime 1622021610.1022887
File D:\django project\py3.7\Lib\site-packages\django\contrib\messages\storage\session.py first seen with mtime 1622021610.1022887
"GET / HTTP/1.1" 200 10697
Watching for file changes with StatReloader
Waiting for apps ready_event.
Apps ready_event triggered. Sending autoreload_started signal.
Watching dir D:\django project\py3.7\hello_django\locale with glob **/*.mo.
Watching dir D:\django project\py3.7\hello_django\myhello\locale with glob **/*.mo.
(0.016) 
            SELECT name, type FROM sqlite_master
            WHERE type in ('table', 'view') AND NOT name='sqlite_sequence'
            ORDER BY name; args=None
File D:\django project\py3.7\Lib\site-packages\django\core\files\storage.py first seen with mtime 1622021611.5025806
File D:\django project\py3.7\Lib\site-packages\django\conf\__init__.py first seen with mtime 1622021607.254218
File D:\django project\py3.7\Lib\site-packages\django\core\serializers\base.py first seen with mtime 1622021611.553444
File D:\django project\py3.7\Lib\site-packages\django\template\backends\__init__.py first seen with mtime 1622021611.7828393
File C:\Users\brave\AppData\Local\Programs\Python\Python39\Lib\types.py first seen with mtime 1617689618.0
File C:\Users\brave\AppData\Local\Programs\Python\Python39\Lib\pickle.py first seen with mtime 1617689618.0
File C:\Users\brave\AppData\Local\Programs\Python\Python39\Lib\asyncio\sslproto.py first seen with mtime 1617689616.0
File D:\django project\py3.7\Lib\site-packages\sqlparse\engine\filter_stack.py first seen with mtime 1622021604.3644352
File C:\Users\brave\AppData\Local\Programs\Python\Python39\Lib\ctypes\__init__.py first seen with mtime 1617689616.0
File C:\Users\brave\AppData\Local\Programs\Python\Python39\Lib\random.py first seen with mtime 1617689618.0
File D:\django project\py3.7\Lib\site-packages\django\db\models\functions\window.py first seen with mtime 1622021611.683105
File C:\Users\brave\AppData\Local\Programs\Python\Python39\Lib\selectors.py first seen with mtime 1617689618.0
File D:\django project\py3.7\Lib\site-packages\django\db\backends\ddl_references.py first seen with mtime 1622021611.5644133
File D:\django project\py3.7\Lib\site-packages\django\conf\global_settings.py first seen with mtime 1622021607.2552187
File D:\django project\py3.7\Lib\site-packages\django\utils\tree.py first seen with mtime 1622021611.8538191
File D:\django project\py3.7\Lib\site-packages\django\core\checks\caches.py first seen with mtime 1622021611.4836302
File D:\django project\py3.7\Lib\site-packages\django\contrib\staticfiles\views.py first seen with mtime 1622021611.4605477
File C:\Users\brave\AppData\Local\Programs\Python\Python39\Lib\asyncio\base_futures.py first seen with mtime 1617689616.0
File C:\Users\brave\AppData\Local\Programs\Python\Python39\Lib\argparse.py first seen with mtime 1617689616.0
File D:\django project\py3.7\Lib\site-packages\django\core\files\images.py first seen with mtime 1622021611.498641
File D:\django project\py3.7\hello_django\myhello\models.py first seen with mtime 1622022232.8349006
File C:\Users\brave\AppData\Local\Programs\Python\Python39\DLLs\_decimal.pyd first seen with mtime 1617689672.0
File C:\Users\brave\AppData\Local\Programs\Python\Python39\Lib\json\scanner.py first seen with mtime 1617689618.0
File D:\django project\py3.7\Lib\site-packages\django\utils\ipv6.py first seen with mtime 1622021611.840892
File C:\Users\brave\AppData\Local\Programs\Python\Python39\Lib\http\cookies.py first seen with mtime 1617689616.0
File D:\django project\py3.7\Lib\site-packages\django\db\models\query_utils.py first seen with mtime 1622021611.6591673
File C:\Users\brave\AppData\Local\Programs\Python\Python39\Lib\reprlib.py first seen with mtime 1617689618.0
File D:\django project\py3.7\Lib\site-packages\pytz\tzinfo.py first seen with mtime 1622021606.3103714
File C:\Users\brave\AppData\Local\Programs\Python\Python39\Lib\gzip.py first seen with mtime 1617689616.0
File C:\Users\brave\AppData\Local\Programs\Python\Python39\Lib\sre_parse.py first seen with mtime 1617689618.0
File D:\django project\py3.7\Lib\site-packages\django\contrib\admin\__init__.py first seen with mtime 1622021607.603988
File D:\django project\py3.7\Lib\site-packages\django\contrib\auth\password_validation.py first seen with mtime 1622021608.7462652
File C:\Users\brave\AppData\Local\Programs\Python\Python39\Lib\collections\abc.py first seen with mtime 1617689616.0
File D:\django project\py3.7\Lib\site-packages\django\views\generic\detail.py first seen with mtime 1622021611.8767574
File D:\django project\py3.7\Lib\site-packages\django\db\models\aggregates.py first seen with mtime 1622021611.6452045
File C:\Users\brave\AppData\Local\Programs\Python\Python39\Lib\encodings\__init__.py first seen with mtime 1617689616.0
File D:\django project\py3.7\Lib\site-packages\django\contrib\admin\templatetags\admin_urls.py first seen with mtime 1622021608.5091224
File C:\Users\brave\AppData\Local\Programs\Python\Python39\DLLs\select.pyd first seen with mtime 1617689670.0
File D:\django project\py3.7\Lib\site-packages\django\contrib\sites\__init__.py first seen with mtime 1622021611.204878
File D:\django project\py3.7\Lib\site-packages\django\contrib\contenttypes\apps.py first seen with mtime 1622021608.983255
File D:\django project\py3.7\Lib\site-packages\django\utils\regex_helper.py first seen with mtime 1622021611.8468366
File C:\Users\brave\AppData\Local\Programs\Python\Python39\Lib\decimal.py first seen with mtime 1617689616.0
File D:\django project\py3.7\Lib\site-packages\django\db\models\sql\constants.py first seen with mtime 1622021611.6870944
File D:\django project\py3.7\Lib\site-packages\django\core\handlers\exception.py first seen with mtime 1622021611.5105574
File D:\django project\py3.7\Lib\site-packages\pytz\exceptions.py first seen with mtime 1622021606.3063538
File C:\Users\brave\AppData\Local\Programs\Python\Python39\Lib\re.py first seen with mtime 1617689618.0
File C:\Users\brave\AppData\Local\Programs\Python\Python39\Lib\encodings\latin_1.py first seen with mtime 1617689616.0
File C:\Users\brave\AppData\Local\Programs\Python\Python39\Lib\json\encoder.py first seen with mtime 1617689618.0
File C:\Users\brave\AppData\Local\Programs\Python\Python39\Lib\token.py first seen with mtime 1617689618.0
File C:\Users\brave\AppData\Local\Programs\Python\Python39\Lib\wsgiref\__init__.py first seen with mtime 1617689618.0
File D:\django project\py3.7\Lib\site-packages\django\utils\itercompat.py first seen with mtime 1622021611.841887
File C:\Users\brave\AppData\Local\Programs\Python\Python39\Lib\socketserver.py first seen with mtime 1617689618.0
File C:\Users\brave\AppData\Local\Programs\Python\Python39\Lib\statistics.py first seen with mtime 1617689618.0
File D:\django project\py3.7\Lib\site-packages\django\contrib\contenttypes\models.py first seen with mtime 1622021608.9912336
File D:\django project\py3.7\Lib\site-packages\django\db\models\constants.py first seen with mtime 1622021611.646202
File C:\Users\brave\AppData\Local\Programs\Python\Python39\Lib\asyncio\format_helpers.py first seen with mtime 1617689616.0
File D:\django project\py3.7\Lib\site-packages\django\forms\fields.py first seen with mtime 1622021611.6980636
File C:\Users\brave\AppData\Local\Programs\Python\Python39\Lib\importlib\__init__.py first seen with mtime 1617689618.0
File C:\Users\brave\AppData\Local\Programs\Python\Python39\Lib\http\server.py first seen with mtime 1617689616.0
File D:\django project\py3.7\Lib\site-packages\django\core\handlers\__init__.py first seen with mtime 1622021611.5075662
File C:\Users\brave\AppData\Local\Programs\Python\Python39\Lib\unittest\result.py first seen with mtime 1617689618.0
File C:\Users\brave\AppData\Local\Programs\Python\Python39\Lib\gettext.py first seen with mtime 1617689616.0
File D:\django project\py3.7\Lib\site-packages\django\core\checks\security\base.py first seen with mtime 1622021611.4946077
File D:\django project\py3.7\Lib\site-packages\django\db\backends\base\introspection.py first seen with mtime 1622021611.5723927
File D:\django project\py3.7\Lib\site-packages\django\contrib\sessions\models.py first seen with mtime 1622021610.4716084
File D:\django project\py3.7\Lib\site-packages\django\utils\http.py first seen with mtime 1622021611.8388588
File D:\django project\py3.7\Lib\site-packages\django\views\__init__.py first seen with mtime 1622021611.859803
File D:\django project\py3.7\Lib\site-packages\django\core\servers\basehttp.py first seen with mtime 1622021611.560425
File D:\django project\py3.7\Lib\site-packages\django\contrib\auth\checks.py first seen with mtime 1622021608.7352939
File D:\django project\py3.7\Lib\site-packages\django\db\models\fields\proxy.py first seen with mtime 1622021611.6661487
File D:\django project\py3.7\Lib\site-packages\sqlparse\filters\aligned_indent.py first seen with mtime 1622021604.3684244
File C:\Users\brave\AppData\Local\Programs\Python\Python39\Lib\asyncio\coroutines.py first seen with mtime 1617689616.0
File D:\django project\py3.7\Lib\site-packages\sqlparse\sql.py first seen with mtime 1622021604.361471
File D:\django project\py3.7\Lib\site-packages\sqlparse\engine\statement_splitter.py first seen with mtime 1622021604.36643
File D:\django project\py3.7\Lib\site-packages\django\core\mail\__init__.py first seen with mtime 1622021611.5115552
File C:\Users\brave\AppData\Local\Programs\Python\Python39\Lib\ast.py first seen with mtime 1617689616.0
File D:\django project\py3.7\Lib\site-packages\sqlparse\__init__.py first seen with mtime 1622021604.3534913
File D:\django project\py3.7\Lib\site-packages\django\db\__init__.py first seen with mtime 1622021611.5614212
File D:\django project\py3.7\Lib\site-packages\django\db\backends\utils.py first seen with mtime 1622021611.5654106
File D:\django project\py3.7\hello_django\myhello\__init__.py first seen with mtime 1622022232.837894
File C:\Users\brave\AppData\Local\Programs\Python\Python39\Lib\stat.py first seen with mtime 1617689618.0
File C:\Users\brave\AppData\Local\Programs\Python\Python39\Lib\operator.py first seen with mtime 1617689618.0
File C:\Users\brave\AppData\Local\Programs\Python\Python39\Lib\_sitebuiltins.py first seen with mtime 1617689616.0
File D:\django project\py3.7\Lib\site-packages\django\core\mail\utils.py first seen with mtime 1622021611.513549
File D:\django project\py3.7\Lib\site-packages\sqlparse\utils.py first seen with mtime 1622021604.36244
File C:\Users\brave\AppData\Local\Programs\Python\Python39\Lib\traceback.py first seen with mtime 1617689618.0
File D:\django project\py3.7\Lib\site-packages\django\db\models\__init__.py first seen with mtime 1622021611.6442113
File D:\django project\py3.7\Lib\site-packages\django\db\models\fields\json.py first seen with mtime 1622021611.6651511
File D:\django project\py3.7\Lib\site-packages\django\utils\safestring.py first seen with mtime 1622021611.8478732
File C:\Users\brave\AppData\Local\Programs\Python\Python39\Lib\email\utils.py first seen with mtime 1617689616.0
File C:\Users\brave\AppData\Local\Programs\Python\Python39\Lib\dis.py first seen with mtime 1617689616.0
File D:\django project\py3.7\Lib\site-packages\django\template\loader.py first seen with mtime 1622021611.7788475
File D:\django project\py3.7\Lib\site-packages\django\templatetags\i18n.py first seen with mtime 1622021611.7958386
File D:\django project\py3.7\Lib\site-packages\django\contrib\admin\actions.py first seen with mtime 1622021607.6049862
File D:\django project\py3.7\Lib\site-packages\django\template\loaders\__init__.py first seen with mtime 1622021611.7888217
File D:\django project\py3.7\Lib\site-packages\django\db\models\expressions.py first seen with mtime 1622021611.6521876
File C:\Users\brave\AppData\Local\Programs\Python\Python39\Lib\asyncio\threads.py first seen with mtime 1617689616.0
File D:\django project\py3.7\Lib\site-packages\django\core\files\temp.py first seen with mtime 1622021611.504575
File D:\django project\py3.7\Lib\site-packages\django\db\models\utils.py first seen with mtime 1622021611.6601644
File D:\django project\py3.7\Lib\site-packages\django\utils\termcolors.py first seen with mtime 1622021611.8478732
File C:\Users\brave\AppData\Local\Programs\Python\Python39\Lib\lzma.py first seen with mtime 1617689618.0
File C:\Users\brave\AppData\Local\Programs\Python\Python39\Lib\unittest\signals.py first seen with mtime 1617689618.0
File D:\django project\py3.7\Lib\site-packages\django\contrib\admin\templatetags\__init__.py first seen with mtime 1622021608.5061588
File C:\Users\brave\AppData\Local\Programs\Python\Python39\Lib\pathlib.py first seen with mtime 1617689618.0
File C:\Users\brave\AppData\Local\Programs\Python\Python39\DLLs\_uuid.pyd first seen with mtime 1617689670.0
File D:\django project\py3.7\Lib\site-packages\django\contrib\sessions\base_session.py first seen with mtime 1622021610.4695837
File D:\django project\py3.7\Lib\site-packages\django\templatetags\l10n.py first seen with mtime 1622021611.7958386
File C:\Users\brave\AppData\Local\Programs\Python\Python39\Lib\importlib\util.py first seen with mtime 1617689618.0
File C:\Users\brave\AppData\Local\Programs\Python\Python39\Lib\email\_parseaddr.py first seen with mtime 1617689616.0
File D:\django project\py3.7\Lib\site-packages\django\http\multipartparser.py first seen with mtime 1622021611.7549112
File D:\django project\py3.7\Lib\site-packages\django\core\checks\__init__.py first seen with mtime 1622021611.481673
File D:\django project\py3.7\Lib\site-packages\django\db\backends\sqlite3\introspection.py first seen with mtime 1622021611.6142867
File D:\django project\py3.7\Lib\site-packages\django\views\decorators\common.py first seen with mtime 1622021611.866807
File D:\django project\py3.7\Lib\site-packages\django\db\models\fields\reverse_related.py first seen with mtime 1622021611.6731322
File D:\django project\py3.7\Lib\site-packages\sqlparse\filters\reindent.py first seen with mtime 1622021604.3704188
File D:\django project\py3.7\Lib\site-packages\django\core\checks\async_checks.py first seen with mtime 1622021611.4826314
File D:\django project\py3.7\Lib\site-packages\django\db\models\constraints.py first seen with mtime 1622021611.647199
File D:\django project\py3.7\Lib\site-packages\django\core\checks\model_checks.py first seen with mtime 1622021611.4866254
File D:\django project\py3.7\Lib\site-packages\django\db\migrations\utils.py first seen with mtime 1622021611.632241
File D:\django project\py3.7\hello_django\myhello\views.py first seen with mtime 1622022708.3701637
File D:\django project\py3.7\Lib\site-packages\django\http\cookie.py first seen with mtime 1622021611.7549112
File D:\django project\py3.7\Lib\site-packages\django\contrib\contenttypes\__init__.py first seen with mtime 1622021608.981259
File D:\django project\py3.7\Lib\site-packages\sqlparse\keywords.py first seen with mtime 1622021604.359484
File C:\Users\brave\AppData\Local\Programs\Python\Python39\Lib\calendar.py first seen with mtime 1617689616.0
File D:\django project\py3.7\Lib\site-packages\django\core\signing.py first seen with mtime 1622021611.4715185
File C:\Users\brave\AppData\Local\Programs\Python\Python39\Lib\platform.py first seen with mtime 1617689618.0
File C:\Users\brave\AppData\Local\Programs\Python\Python39\Lib\asyncio\subprocess.py first seen with mtime 1617689616.0
File D:\django project\py3.7\Lib\site-packages\django\core\management\commands\__init__.py first seen with mtime 1622021611.5255175
File D:\django project\py3.7\Lib\site-packages\django\http\request.py first seen with mtime 1622021611.755937
File C:\Users\brave\AppData\Local\Programs\Python\Python39\Lib\encodings\utf_8.py first seen with mtime 1617689616.0
File D:\django project\py3.7\Lib\site-packages\django\db\migrations\operations\fields.py first seen with mtime 1622021611.6402183
File D:\django project\py3.7\Lib\site-packages\django\contrib\sessions\__init__.py first seen with mtime 1622021610.4686227
File D:\django project\py3.7\Lib\site-packages\django\db\models\sql\datastructures.py first seen with mtime 1622021611.6890907
File C:\Users\brave\AppData\Local\Programs\Python\Python39\Lib\asyncio\windows_events.py first seen with mtime 1617689616.0
File C:\Users\brave\AppData\Local\Programs\Python\Python39\Lib\encodings\aliases.py first seen with mtime 1617689616.0
File D:\django project\py3.7\Lib\site-packages\django\core\management\color.py first seen with mtime 1622021611.5225253
File C:\Users\brave\AppData\Local\Programs\Python\Python39\Lib\difflib.py first seen with mtime 1617689616.0
File D:\django project\py3.7\Lib\site-packages\django\db\models\base.py first seen with mtime 1622021611.646202
File D:\django project\py3.7\Lib\site-packages\django\template\loaders\app_directories.py first seen with mtime 1622021611.789885
File C:\Users\brave\AppData\Local\Programs\Python\Python39\Lib\shutil.py first seen with mtime 1617689618.0
File D:\django project\py3.7\Lib\site-packages\django\db\models\fields\related_lookups.py first seen with mtime 1622021611.6711378
File C:\Users\brave\AppData\Local\Programs\Python\Python39\Lib\typing.py first seen with mtime 1617689618.0
File D:\django project\py3.7\Lib\site-packages\django\template\loaders\base.py first seen with mtime 1622021611.7908156
File C:\Users\brave\AppData\Local\Programs\Python\Python39\Lib\codecs.py first seen with mtime 1617689616.0
File D:\django project\py3.7\Lib\site-packages\django\core\serializers\python.py first seen with mtime 1622021611.5564346
File D:\django project\py3.7\Lib\site-packages\django\db\models\functions\mixins.py first seen with mtime 1622021611.6811085
File D:\django project\py3.7\hello_django\hello_django\settings.py first seen with mtime 1622022404.466161
File D:\django project\py3.7\Lib\site-packages\django\core\checks\templates.py first seen with mtime 1622021611.489614
File C:\Users\brave\AppData\Local\Programs\Python\Python39\Lib\email\mime\text.py first seen with mtime 1617689616.0
File D:\django project\py3.7\Lib\site-packages\django\http\response.py first seen with mtime 1622021611.7569056
File C:\Users\brave\AppData\Local\Programs\Python\Python39\Lib\urllib\__init__.py first seen with mtime 1617689618.0
File D:\django project\py3.7\Lib\site-packages\django\views\static.py first seen with mtime 1622021611.862795
File C:\Users\brave\AppData\Local\Programs\Python\Python39\Lib\tempfile.py first seen with mtime 1617689618.0
File D:\django project\py3.7\Lib\site-packages\django\contrib\auth\backends.py first seen with mtime 1622021608.7332993
File D:\django project\py3.7\Lib\site-packages\django\db\models\fields\files.py first seen with mtime 1622021611.6641543
File D:\django project\py3.7\Lib\site-packages\django\db\models\fields\related.py first seen with mtime 1622021611.6671464
File D:\django project\py3.7\Lib\site-packages\django\template\engine.py first seen with mtime 1622021611.7728646
File D:\django project\py3.7\Lib\site-packages\django\contrib\contenttypes\views.py first seen with mtime 1622021608.9922297
File D:\django project\py3.7\Lib\site-packages\django\core\handlers\wsgi.py first seen with mtime 1622021611.5115552
File D:\django project\py3.7\Lib\site-packages\django\core\checks\security\csrf.py first seen with mtime 1622021611.4956431
File D:\django project\py3.7\Lib\site-packages\django\db\models\indexes.py first seen with mtime 1622021611.6531847
File D:\django project\py3.7\Lib\site-packages\django\contrib\contenttypes\management\__init__.py first seen with mtime 1622021609.2553353
File D:\django project\py3.7\Lib\site-packages\django\forms\renderers.py first seen with mtime 1622021611.7030525
File D:\django project\py3.7\Lib\site-packages\django\utils\cache.py first seen with mtime 1622021611.8189116
File C:\Users\brave\AppData\Local\Programs\Python\Python39\Lib\ctypes\wintypes.py first seen with mtime 1617689616.0
File C:\Users\brave\AppData\Local\Programs\Python\Python39\Lib\wsgiref\headers.py first seen with mtime 1617689618.0
File D:\django project\py3.7\Lib\site-packages\django\contrib\staticfiles\checks.py first seen with mtime 1622021611.4535675
File C:\Users\brave\AppData\Local\Programs\Python\Python39\Lib\asyncio\futures.py first seen with mtime 1617689616.0
File D:\django project\py3.7\Lib\site-packages\django\utils\text.py first seen with mtime 1622021611.848831
File D:\django project\py3.7\Lib\site-packages\django\utils\formats.py first seen with mtime 1622021611.835868
File C:\Users\brave\AppData\Local\Programs\Python\Python39\Lib\email\mime\message.py first seen with mtime 1617689616.0
File D:\django project\py3.7\Lib\site-packages\django\core\serializers\__init__.py first seen with mtime 1622021611.5524468
File D:\django project\py3.7\Lib\site-packages\django\utils\lorem_ipsum.py first seen with mtime 1622021611.844842
File C:\Users\brave\AppData\Local\Programs\Python\Python39\Lib\signal.py first seen with mtime 1617689618.0
File D:\django project\py3.7\Lib\site-packages\django\contrib\admin\options.py first seen with mtime 1622021607.6149583
File C:\Users\brave\AppData\Local\Programs\Python\Python39\Lib\asyncio\proactor_events.py first seen with mtime 1617689616.0
File C:\Users\brave\AppData\Local\Programs\Python\Python39\Lib\email\generator.py first seen with mtime 1617689616.0
File D:\django project\py3.7\Lib\site-packages\django\db\migrations\exceptions.py first seen with mtime 1622021611.6202722
File D:\django project\py3.7\Lib\site-packages\django\contrib\staticfiles\management\__init__.py first seen with mtime 1622021611.4615448
File D:\django project\py3.7\Lib\site-packages\django\core\cache\__init__.py first seen with mtime 1622021611.4756484
File D:\django project\py3.7\Lib\site-packages\django\contrib\messages\apps.py first seen with mtime 1622021610.0933142
File D:\django project\py3.7\Lib\site-packages\django\core\wsgi.py first seen with mtime 1622021611.4735131
File D:\django project\py3.7\hello_django\manage.py first seen with mtime 1622021639.7033978
File C:\Users\brave\AppData\Local\Programs\Python\Python39\Lib\bisect.py first seen with mtime 1617689616.0
File D:\django project\py3.7\Lib\site-packages\django\views\generic\edit.py first seen with mtime 1622021611.8807852
File D:\django project\py3.7\Lib\site-packages\pytz\__init__.py first seen with mtime 1622021606.3053567
File D:\django project\py3.7\Lib\site-packages\django\utils\autoreload.py first seen with mtime 1622021611.815954
File D:\django project\py3.7\Lib\site-packages\django\utils\dates.py first seen with mtime 1622021611.8269107
File C:\Users\brave\AppData\Local\Programs\Python\Python39\Lib\cgi.py first seen with mtime 1617689616.0
File D:\django project\py3.7\Lib\site-packages\django\core\management\commands\runserver.py first seen with mtime 1622021611.5364916
File D:\django project\py3.7\Lib\site-packages\django\db\models\functions\__init__.py first seen with mtime 1622021611.6741285
File D:\django project\py3.7\Lib\site-packages\django\utils\encoding.py first seen with mtime 1622021611.8329144
File C:\Users\brave\AppData\Local\Programs\Python\Python39\Lib\numbers.py first seen with mtime 1617689618.0
File D:\django project\py3.7\Lib\site-packages\django\views\csrf.py first seen with mtime 1622021611.859803
File D:\django project\py3.7\Lib\site-packages\django\core\cache\backends\locmem.py first seen with mtime 1622021611.4796395
File C:\Users\brave\AppData\Local\Programs\Python\Python39\DLLs\_ctypes.pyd first seen with mtime 1617689670.0
File D:\django project\py3.7\Lib\site-packages\django\contrib\sessions\backends\__init__.py first seen with mtime 1622021610.4736083
File D:\django project\py3.7\Lib\site-packages\django\utils\translation\__init__.py first seen with mtime 1622021611.8558135
File D:\django project\py3.7\Lib\site-packages\django\db\models\fields\related_descriptors.py first seen with mtime 1622021611.6701376
File C:\Users\brave\AppData\Local\Programs\Python\Python39\Lib\asyncio\exceptions.py first seen with mtime 1617689616.0
File D:\django project\py3.7\Lib\site-packages\django\db\models\functions\datetime.py first seen with mtime 1622021611.679114
File C:\Users\brave\AppData\Local\Programs\Python\Python39\Lib\unittest\util.py first seen with mtime 1617689618.0
File C:\Users\brave\AppData\Local\Programs\Python\Python39\Lib\asyncio\selector_events.py first seen with mtime 1617689616.0
File D:\django project\py3.7\Lib\site-packages\django\db\models\fields\mixins.py first seen with mtime 1622021611.6651511
File D:\django project\py3.7\Lib\site-packages\django\contrib\admin\templatetags\admin_list.py first seen with mtime 1622021608.5071285
File D:\django project\py3.7\Lib\site-packages\django\urls\resolvers.py first seen with mtime 1622021611.8119712
File C:\Users\brave\AppData\Local\Programs\Python\Python39\Lib\asyncio\windows_utils.py first seen with mtime 1617689616.0
File C:\Users\brave\AppData\Local\Programs\Python\Python39\Lib\email\iterators.py first seen with mtime 1617689616.0
File C:\Users\brave\AppData\Local\Programs\Python\Python39\Lib\copy.py first seen with mtime 1617689616.0
File D:\django project\py3.7\Lib\site-packages\asgiref\current_thread_executor.py first seen with mtime 1622021607.0626647
File D:\django project\py3.7\Lib\site-packages\django\urls\converters.py first seen with mtime 1622021611.809935
File D:\django project\py3.7\Lib\site-packages\django\utils\datastructures.py first seen with mtime 1622021611.8209076
File D:\django project\py3.7\Lib\site-packages\django\contrib\admin\checks.py first seen with mtime 1622021607.605983
File D:\django project\py3.7\Lib\site-packages\django\db\models\options.py first seen with mtime 1622021611.6571727
File D:\django project\py3.7\Lib\site-packages\django\dispatch\dispatcher.py first seen with mtime 1622021611.6940744
File C:\Users\brave\AppData\Local\Programs\Python\Python39\Lib\asyncio\log.py first seen with mtime 1617689616.0
File D:\django project\py3.7\Lib\site-packages\django\contrib\messages\constants.py first seen with mtime 1622021610.0943084
File C:\Users\brave\AppData\Local\Programs\Python\Python39\Lib\collections\__init__.py first seen with mtime 1617689616.0
File C:\Users\brave\AppData\Local\Programs\Python\Python39\Lib\asyncio\transports.py first seen with mtime 1617689616.0
File D:\django project\py3.7\Lib\site-packages\django\core\checks\security\__init__.py first seen with mtime 1622021611.4936035
File D:\django project\py3.7\Lib\site-packages\sqlparse\filters\__init__.py first seen with mtime 1622021604.367427
File C:\Users\brave\AppData\Local\Programs\Python\Python39\Lib\keyword.py first seen with mtime 1617689618.0
File C:\Users\brave\AppData\Local\Programs\Python\Python39\Lib\email\policy.py first seen with mtime 1617689616.0
File D:\django project\py3.7\hello_django\myhello\urls.py first seen with mtime 1622022725.068012
File D:\django project\py3.7\Lib\site-packages\django\contrib\auth\tokens.py first seen with mtime 1622021608.7482972
File C:\Users\brave\AppData\Local\Programs\Python\Python39\Lib\_weakrefset.py first seen with mtime 1617689616.0
File C:\Users\brave\AppData\Local\Programs\Python\Python39\Lib\asyncio\base_tasks.py first seen with mtime 1617689616.0
File D:\django project\py3.7\Lib\site-packages\django\template\defaultfilters.py first seen with mtime 1622021611.7708874
File C:\Users\brave\AppData\Local\Programs\Python\Python39\Lib\email\charset.py first seen with mtime 1617689616.0
File C:\Users\brave\AppData\Local\Programs\Python\Python39\Lib\unittest\main.py first seen with mtime 1617689618.0
File D:\django project\py3.7\Lib\site-packages\django\core\checks\security\sessions.py first seen with mtime 1622021611.4965951
File D:\django project\py3.7\Lib\site-packages\django\utils\log.py first seen with mtime 1622021611.8438444
File D:\django project\py3.7\Lib\site-packages\django\core\checks\database.py first seen with mtime 1622021611.4846282
File D:\django project\py3.7\Lib\site-packages\django\core\paginator.py first seen with mtime 1622021611.4695234
File D:\django project\py3.7\Lib\site-packages\django\contrib\messages\__init__.py first seen with mtime 1622021610.0893252
File D:\django project\py3.7\Lib\site-packages\django\template\response.py first seen with mtime 1622021611.7808423
File D:\django project\py3.7\Lib\site-packages\django\utils\dateparse.py first seen with mtime 1622021611.823918
File D:\django project\py3.7\Lib\site-packages\django\__init__.py first seen with mtime 1622021607.2462413
File D:\django project\py3.7\Lib\site-packages\django\core\cache\backends\base.py first seen with mtime 1622021611.4776819
File D:\django project\py3.7\Lib\site-packages\django\utils\translation\reloader.py first seen with mtime 1622021611.8568113
File C:\Users\brave\AppData\Local\Programs\Python\Python39\Lib\email\_encoded_words.py first seen with mtime 1617689616.0
File C:\Users\brave\AppData\Local\Programs\Python\Python39\Lib\distutils\__init__.py first seen with mtime 1617689616.0
File C:\Users\brave\AppData\Local\Programs\Python\Python39\Lib\concurrent\futures\thread.py first seen with mtime 1617689616.0
File D:\django project\py3.7\Lib\site-packages\django\template\defaulttags.py first seen with mtime 1622021611.7719035
File C:\Users\brave\AppData\Local\Programs\Python\Python39\Lib\pprint.py first seen with mtime 1617689618.0
File D:\django project\py3.7\Lib\site-packages\django\core\checks\urls.py first seen with mtime 1622021611.4906106
File D:\django project\py3.7\Lib\site-packages\django\core\cache\backends\filebased.py first seen with mtime 1622021611.4796395
File C:\Users\brave\AppData\Local\Programs\Python\Python39\Lib\html\__init__.py first seen with mtime 1617689616.0
File C:\Users\brave\AppData\Local\Programs\Python\Python39\Lib\asyncio\base_events.py first seen with mtime 1617689616.0
File D:\django project\py3.7\Lib\site-packages\asgiref\local.py first seen with mtime 1622021607.0636628
File D:\django project\py3.7\Lib\site-packages\django\db\models\fields\__init__.py first seen with mtime 1622021611.663156
File D:\django project\py3.7\Lib\site-packages\django\core\signals.py first seen with mtime 1622021611.4705212
File C:\Users\brave\AppData\Local\Programs\Python\Python39\Lib\email\base64mime.py first seen with mtime 1617689616.0
File C:\Users\brave\AppData\Local\Programs\Python\Python39\Lib\urllib\request.py first seen with mtime 1617689618.0
File D:\django project\py3.7\Lib\site-packages\django\contrib\auth\admin.py first seen with mtime 1622021608.7313046
File D:\django project\py3.7\Lib\site-packages\django\contrib\auth\signals.py first seen with mtime 1622021608.747262
File D:\django project\py3.7\Lib\site-packages\django\db\migrations\operations\utils.py first seen with mtime 1622021611.6432104
File C:\Users\brave\AppData\Local\Programs\Python\Python39\DLLs\_hashlib.pyd first seen with mtime 1617689670.0
File D:\django project\py3.7\Lib\site-packages\django\contrib\admin\templatetags\admin_modify.py first seen with mtime 1622021608.5081253
File D:\django project\py3.7\Lib\site-packages\django\db\backends\__init__.py first seen with mtime 1622021611.5634162
File D:\django project\py3.7\Lib\site-packages\django\views\generic\list.py first seen with mtime 1622021611.881781
File D:\django project\py3.7\Lib\site-packages\django\db\models\sql\__init__.py first seen with mtime 1622021611.684102
File C:\Users\brave\AppData\Local\Programs\Python\Python39\Lib\socket.py first seen with mtime 1617689618.0
File C:\Users\brave\AppData\Local\Programs\Python\Python39\Lib\email\__init__.py first seen with mtime 1617689616.0
File C:\Users\brave\AppData\Local\Programs\Python\Python39\Lib\asyncio\staggered.py first seen with mtime 1617689616.0
File D:\django project\py3.7\Lib\site-packages\django\utils\asyncio.py first seen with mtime 1622021611.815954
File D:\django project\py3.7\Lib\site-packages\django\utils\numberformat.py first seen with mtime 1622021611.8458395
File C:\Users\brave\AppData\Local\Programs\Python\Python39\Lib\base64.py first seen with mtime 1617689616.0
File D:\django project\py3.7\Lib\site-packages\django\contrib\contenttypes\checks.py first seen with mtime 1622021608.98525
File C:\Users\brave\AppData\Local\Programs\Python\Python39\DLLs\_socket.pyd first seen with mtime 1617689670.0
File C:\Users\brave\AppData\Local\Programs\Python\Python39\Lib\ssl.py first seen with mtime 1617689618.0
File D:\django project\py3.7\Lib\site-packages\django\dispatch\__init__.py first seen with mtime 1622021611.6930768
File C:\Users\brave\AppData\Local\Programs\Python\Python39\Lib\asyncio\tasks.py first seen with mtime 1617689616.0
File D:\django project\py3.7\Lib\site-packages\django\contrib\auth\management\__init__.py first seen with mtime 1622021608.9623446
File C:\Users\brave\AppData\Local\Programs\Python\Python39\Lib\asyncio\locks.py first seen with mtime 1617689616.0
File D:\django project\py3.7\Lib\site-packages\django\db\migrations\operations\base.py first seen with mtime 1622021611.6392214
File D:\django project\py3.7\Lib\site-packages\django\template\loaders\filesystem.py first seen with mtime 1622021611.79281
File C:\Users\brave\AppData\Local\Programs\Python\Python39\Lib\email\_header_value_parser.py first seen with mtime 1617689616.0
File C:\Users\brave\AppData\Local\Programs\Python\Python39\Lib\inspect.py first seen with mtime 1617689618.0
File D:\django project\py3.7\Lib\site-packages\django\db\migrations\__init__.py first seen with mtime 1622021611.6172798
File D:\django project\py3.7\Lib\site-packages\django\db\models\functions\comparison.py first seen with mtime 1622021611.6751244
File C:\Users\brave\AppData\Local\Programs\Python\Python39\Lib\contextvars.py first seen with mtime 1617689616.0
File D:\django project\py3.7\Lib\site-packages\django\views\i18n.py first seen with mtime 1622021611.8617978
File C:\Users\brave\AppData\Local\Programs\Python\Python39\Lib\asyncio\base_subprocess.py first seen with mtime 1617689616.0
File C:\Users\brave\AppData\Local\Programs\Python\Python39\Lib\getpass.py first seen with mtime 1617689616.0
File C:\Users\brave\AppData\Local\Programs\Python\Python39\Lib\sqlite3\__init__.py first seen with mtime 1617689618.0
File C:\Users\brave\AppData\Local\Programs\Python\Python39\Lib\asyncio\constants.py first seen with mtime 1617689616.0
File D:\django project\py3.7\Lib\site-packages\django\apps\registry.py first seen with mtime 1622021607.2522254
File D:\django project\py3.7\Lib\site-packages\django\db\models\sql\where.py first seen with mtime 1622021611.6920834
File D:\django project\py3.7\Lib\site-packages\django\middleware\security.py first seen with mtime 1622021611.7638881
File D:\django project\py3.7\Lib\site-packages\django\utils\deconstruct.py first seen with mtime 1622021611.8299181
File D:\django project\py3.7\Lib\site-packages\django\contrib\admin\views\__init__.py first seen with mtime 1622021608.5111182
File C:\Users\brave\AppData\Local\Programs\Python\Python39\Lib\_markupbase.py first seen with mtime 1617689616.0
File D:\django project\py3.7\Lib\site-packages\django\contrib\admin\filters.py first seen with mtime 1622021607.6109688
File D:\django project\py3.7\Lib\site-packages\django\db\models\lookups.py first seen with mtime 1622021611.654182
File C:\Users\brave\AppData\Local\Programs\Python\Python39\Lib\hmac.py first seen with mtime 1617689616.0
File D:\django project\py3.7\Lib\site-packages\django\utils\functional.py first seen with mtime 1622021611.836864
File C:\Users\brave\AppData\Local\Programs\Python\Python39\Lib\concurrent\futures\__init__.py first seen with mtime 1617689616.0
File D:\django project\py3.7\Lib\site-packages\django\contrib\sites\shortcuts.py first seen with mtime 1622021611.2188392
File C:\Users\brave\AppData\Local\Programs\Python\Python39\Lib\fnmatch.py first seen with mtime 1617689616.0
File C:\Users\brave\AppData\Local\Programs\Python\Python39\Lib\string.py first seen with mtime 1617689618.0
File D:\django project\py3.7\Lib\site-packages\django\views\decorators\cache.py first seen with mtime 1622021611.8658268
File D:\django project\py3.7\Lib\site-packages\django\contrib\auth\hashers.py first seen with mtime 1622021608.7403193
File C:\Users\brave\AppData\Local\Programs\Python\Python39\Lib\sre_compile.py first seen with mtime 1617689618.0
File D:\django project\py3.7\Lib\site-packages\django\utils\version.py first seen with mtime 1622021611.8538191
File C:\Users\brave\AppData\Local\Programs\Python\Python39\DLLs\_asyncio.pyd first seen with mtime 1617689670.0
File C:\Users\brave\AppData\Local\Programs\Python\Python39\Lib\asyncio\__init__.py first seen with mtime 1617689616.0
File D:\django project\py3.7\Lib\site-packages\django\views\defaults.py first seen with mtime 1622021611.8617978
File D:\django project\py3.7\Lib\site-packages\django\urls\conf.py first seen with mtime 1622021611.809935
File C:\Users\brave\AppData\Local\Programs\Python\Python39\Lib\unittest\runner.py first seen with mtime 1617689618.0
File D:\django project\py3.7\Lib\site-packages\django\views\decorators\__init__.py first seen with mtime 1622021611.8637922
File D:\django project\py3.7\Lib\site-packages\django\forms\models.py first seen with mtime 1622021611.7010562
File D:\django project\py3.7\Lib\site-packages\django\contrib\admin\views\autocomplete.py first seen with mtime 1622021608.5121522
File D:\django project\py3.7\Lib\site-packages\django\urls\exceptions.py first seen with mtime 1622021611.8109708
File D:\django project\py3.7\Lib\site-packages\django\contrib\staticfiles\management\commands\__init__.py first seen with mtime 1622021611.4615448
File D:\django project\py3.7\Lib\site-packages\django\core\handlers\asgi.py first seen with mtime 1622021611.5085645
File D:\django project\py3.7\Lib\site-packages\django\views\debug.py first seen with mtime 1622021611.8608003
File C:\Users\brave\AppData\Local\Programs\Python\Python39\Lib\email\mime\__init__.py first seen with mtime 1617689616.0
File D:\django project\py3.7\Lib\site-packages\django\db\models\sql\query.py first seen with mtime 1622021611.6900885
File D:\django project\py3.7\Lib\site-packages\django\core\files\utils.py first seen with mtime 1622021611.5065682
File D:\django project\py3.7\Lib\site-packages\django\conf\urls\__init__.py first seen with mtime 1622021607.5999982
File D:\django project\py3.7\Lib\site-packages\sqlparse\filters\output.py first seen with mtime 1622021604.3694575
File C:\Users\brave\AppData\Local\Programs\Python\Python39\Lib\threading.py first seen with mtime 1617689618.0
File C:\Users\brave\AppData\Local\Programs\Python\Python39\Lib\asyncio\events.py first seen with mtime 1617689616.0
File C:\Users\brave\AppData\Local\Programs\Python\Python39\Lib\queue.py first seen with mtime 1617689618.0
File D:\django project\py3.7\Lib\site-packages\django\contrib\admin\helpers.py first seen with mtime 1622021607.6129642
File C:\Users\brave\AppData\Local\Programs\Python\Python39\Lib\weakref.py first seen with mtime 1617689618.0
File D:\django project\py3.7\Lib\site-packages\django\utils\hashable.py first seen with mtime 1622021611.836864
File D:\django project\py3.7\Lib\site-packages\django\db\models\sql\subqueries.py first seen with mtime 1622021611.6910849
File C:\Users\brave\AppData\Local\Programs\Python\Python39\Lib\logging\config.py first seen with mtime 1617689618.0
File D:\django project\py3.7\Lib\site-packages\django\utils\topological_sort.py first seen with mtime 1622021611.8528202
File D:\django project\py3.7\Lib\site-packages\django\db\models\query.py first seen with mtime 1622021611.6581697
File C:\Users\brave\AppData\Local\Programs\Python\Python39\DLLs\_sqlite3.pyd first seen with mtime 1617689670.0
File D:\django project\py3.7\Lib\site-packages\django\contrib\contenttypes\forms.py first seen with mtime 1622021608.9882412
File D:\django project\py3.7\Lib\site-packages\django\utils\__init__.py first seen with mtime 1622021611.812964
File D:\django project\py3.7\Lib\site-packages\django\db\migrations\migration.py first seen with mtime 1622021611.626267
File C:\Users\brave\AppData\Local\Programs\Python\Python39\Lib\sre_constants.py first seen with mtime 1617689618.0
File D:\django project\py3.7\Lib\site-packages\django\conf\locale\__init__.py first seen with mtime 1622021607.2622316
File C:\Users\brave\AppData\Local\Programs\Python\Python39\Lib\posixpath.py first seen with mtime 1617689618.0
File D:\django project\py3.7\Lib\site-packages\django\db\backends\base\features.py first seen with mtime 1622021611.5713959
File C:\Users\brave\AppData\Local\Programs\Python\Python39\Lib\unittest\__init__.py first seen with mtime 1617689618.0
File C:\Users\brave\AppData\Local\Programs\Python\Python39\Lib\unittest\suite.py first seen with mtime 1617689618.0
File C:\Users\brave\AppData\Local\Programs\Python\Python39\Lib\uu.py first seen with mtime 1617689618.0
File D:\django project\py3.7\Lib\site-packages\django\utils\html.py first seen with mtime 1622021611.8378623
File D:\django project\py3.7\Lib\site-packages\sqlparse\filters\others.py first seen with mtime 1622021604.3694575
File C:\Users\brave\AppData\Local\Programs\Python\Python39\Lib\nturl2path.py first seen with mtime 1617689618.0
File D:\django project\py3.7\Lib\site-packages\django\core\management\base.py first seen with mtime 1622021611.521528
File D:\django project\py3.7\Lib\site-packages\django\core\files\base.py first seen with mtime 1622021611.4976232
File D:\django project\py3.7\Lib\site-packages\django\core\files\uploadhandler.py first seen with mtime 1622021611.5065682
File D:\django project\py3.7\Lib\site-packages\django\contrib\staticfiles\handlers.py first seen with mtime 1622021611.4555624
File D:\django project\py3.7\Lib\site-packages\django\contrib\auth\middleware.py first seen with mtime 1622021608.7432752
File C:\Users\brave\AppData\Local\Programs\Python\Python39\Lib\_compression.py first seen with mtime 1617689616.0
File C:\Users\brave\AppData\Local\Programs\Python\Python39\Lib\email\mime\base.py first seen with mtime 1617689616.0
File D:\django project\py3.7\Lib\site-packages\sqlparse\lexer.py first seen with mtime 1622021604.3604457
File D:\django project\py3.7\Lib\site-packages\django\db\models\manager.py first seen with mtime 1622021611.6551785
File C:\Users\brave\AppData\Local\Programs\Python\Python39\Lib\_bootlocale.py first seen with mtime 1617689616.0
File C:\Users\brave\AppData\Local\Programs\Python\Python39\Lib\subprocess.py first seen with mtime 1617689618.0
File C:\Users\brave\AppData\Local\Programs\Python\Python39\Lib\unittest\case.py first seen with mtime 1617689618.0
File D:\django project\py3.7\Lib\site-packages\django\middleware\csrf.py first seen with mtime 1622021611.760934
File C:\Users\brave\AppData\Local\Programs\Python\Python39\Lib\site.py first seen with mtime 1617689618.0
File D:\django project\py3.7\Lib\site-packages\django\core\exceptions.py first seen with mtime 1622021611.4685283
File D:\django project\py3.7\Lib\site-packages\django\forms\__init__.py first seen with mtime 1622021611.6960683
File D:\django project\py3.7\Lib\site-packages\django\contrib\auth\validators.py first seen with mtime 1622021608.7502563
File D:\django project\py3.7\Lib\site-packages\django\db\migrations\operations\models.py first seen with mtime 1622021611.6412163
File C:\Users\brave\AppData\Local\Programs\Python\Python39\Lib\asyncio\queues.py first seen with mtime 1617689616.0
File D:\django project\py3.7\Lib\site-packages\django\forms\utils.py first seen with mtime 1622021611.704049
File D:\django project\py3.7\Lib\site-packages\django\contrib\staticfiles\management\commands\runserver.py first seen with mtime 1622021611.4635391
File D:\django project\py3.7\Lib\site-packages\django\db\backends\sqlite3\features.py first seen with mtime 1622021611.6142867
File C:\Users\brave\AppData\Local\Programs\Python\Python39\Lib\copyreg.py first seen with mtime 1617689616.0
File C:\Users\brave\AppData\Local\Programs\Python\Python39\Lib\logging\__init__.py first seen with mtime 1617689618.0
File D:\django project\py3.7\Lib\site-packages\django\core\cache\backends\__init__.py first seen with mtime 1622021611.4766805
File D:\django project\py3.7\Lib\site-packages\django\template\exceptions.py first seen with mtime 1622021611.7738626
File D:\django project\py3.7\Lib\site-packages\sqlparse\tokens.py first seen with mtime 1622021604.36244
File C:\Users\brave\AppData\Local\Programs\Python\Python39\Lib\locale.py first seen with mtime 1617689618.0
File C:\Users\brave\AppData\Local\Programs\Python\Python39\Lib\encodings\cp950.py first seen with mtime 1617689616.0
File C:\Users\brave\AppData\Local\Programs\Python\Python39\DLLs\unicodedata.pyd first seen with mtime 1617689672.0
File C:\Users\brave\AppData\Local\Programs\Python\Python39\Lib\functools.py first seen with mtime 1617689616.0
File D:\django project\py3.7\Lib\site-packages\sqlparse\formatter.py first seen with mtime 1622021604.3584516
File D:\django project\py3.7\Lib\site-packages\django\template\smartif.py first seen with mtime 1622021611.7808423
File C:\Users\brave\AppData\Local\Programs\Python\Python39\Lib\abc.py first seen with mtime 1617689616.0
File C:\Users\brave\AppData\Local\Programs\Python\Python39\Lib\pkgutil.py first seen with mtime 1617689618.0
File C:\Users\brave\AppData\Local\Programs\Python\Python39\DLLs\_overlapped.pyd first seen with mtime 1617689670.0
File D:\django project\py3.7\Lib\site-packages\django\core\serializers\json.py first seen with mtime 1622021611.5554378
File C:\Users\brave\AppData\Local\Programs\Python\Python39\Lib\email\header.py first seen with mtime 1617689616.0
File C:\Users\brave\AppData\Local\Programs\Python\Python39\Lib\email\mime\multipart.py first seen with mtime 1617689616.0
File C:\Users\brave\AppData\Local\Programs\Python\Python39\Lib\distutils\version.py first seen with mtime 1617689616.0
File D:\django project\py3.7\Lib\site-packages\sqlparse\filters\right_margin.py first seen with mtime 1622021604.3714435
File D:\django project\py3.7\Lib\site-packages\django\db\backends\base\__init__.py first seen with mtime 1622021611.566408
File C:\Users\brave\AppData\Local\Programs\Python\Python39\Lib\heapq.py first seen with mtime 1617689616.0
File D:\django project\py3.7\Lib\site-packages\django\templatetags\tz.py first seen with mtime 1622021611.7977967
File C:\Users\brave\AppData\Local\Programs\Python\Python39\DLLs\_queue.pyd first seen with mtime 1617689670.0
File D:\django project\py3.7\Lib\site-packages\django\core\files\move.py first seen with mtime 1622021611.501584
File D:\django project\py3.7\Lib\site-packages\_virtualenv.py first seen with mtime 1622021470.1878185
File C:\Users\brave\AppData\Local\Programs\Python\Python39\Lib\secrets.py first seen with mtime 1617689618.0
File C:\Users\brave\AppData\Local\Programs\Python\Python39\Lib\concurrent\futures\_base.py first seen with mtime 1617689616.0
File D:\django project\py3.7\Lib\site-packages\django\http\__init__.py first seen with mtime 1622021611.753914
File D:\django project\py3.7\Lib\site-packages\django\db\backends\signals.py first seen with mtime 1622021611.5644133
File C:\Users\brave\AppData\Local\Programs\Python\Python39\DLLs\_ssl.pyd first seen with mtime 1617689670.0
File D:\django project\py3.7\Lib\site-packages\django\utils\crypto.py first seen with mtime 1622021611.8199112
File D:\django project\py3.7\Lib\site-packages\django\core\servers\__init__.py first seen with mtime 1622021611.5594268
File D:\django project\py3.7\Lib\site-packages\django\db\backends\base\creation.py first seen with mtime 1622021611.570399
File C:\Users\brave\AppData\Local\Programs\Python\Python39\Lib\urllib\parse.py first seen with mtime 1617689618.0
File D:\django project\py3.7\Lib\site-packages\django\forms\forms.py first seen with mtime 1622021611.699061
File C:\Users\brave\AppData\Local\Programs\Python\Python39\Lib\http\__init__.py first seen with mtime 1617689616.0
File C:\Users\brave\AppData\Local\Programs\Python\Python39\Lib\mimetypes.py first seen with mtime 1617689618.0
File C:\Users\brave\AppData\Local\Programs\Python\Python39\Lib\struct.py first seen with mtime 1617689618.0
File D:\django project\py3.7\Lib\site-packages\django\db\backends\sqlite3\client.py first seen with mtime 1622021611.612292
File D:\django project\py3.7\hello_django\myhello\apps.py first seen with mtime 1622022232.8329053
File D:\django project\py3.7\hello_django\myhello\admin.py first seen with mtime 1622022232.830912
File D:\django project\py3.7\Lib\site-packages\django\utils\duration.py first seen with mtime 1622021611.8318772
File C:\Users\brave\AppData\Local\Programs\Python\Python39\Lib\wsgiref\handlers.py first seen with mtime 1617689618.0
File C:\Users\brave\AppData\Local\Programs\Python\Python39\Lib\asyncio\streams.py first seen with mtime 1617689616.0
File D:\django project\py3.7\Lib\site-packages\django\db\backends\base\schema.py first seen with mtime 1622021611.5743866
File D:\django project\py3.7\Lib\site-packages\django\contrib\messages\api.py first seen with mtime 1622021610.0923164
File D:\django project\py3.7\Lib\site-packages\django\db\models\signals.py first seen with mtime 1622021611.6591673
File D:\django project\py3.7\Lib\site-packages\django\db\migrations\operations\__init__.py first seen with mtime 1622021611.6372285
File D:\django project\py3.7\Lib\site-packages\django\core\files\uploadedfile.py first seen with mtime 1622021611.5055726
File D:\django project\py3.7\Lib\site-packages\django\middleware\cache.py first seen with mtime 1622021611.7589002
File C:\Users\brave\AppData\Local\Programs\Python\Python39\DLLs\_bz2.pyd first seen with mtime 1617689670.0
File D:\django project\py3.7\Lib\site-packages\django\utils\deprecation.py first seen with mtime 1622021611.8309188
File D:\django project\py3.7\Lib\site-packages\django\views\generic\__init__.py first seen with mtime 1622021611.8727686
File D:\django project\py3.7\Lib\site-packages\django\contrib\auth\apps.py first seen with mtime 1622021608.7323368
File D:\django project\py3.7\Lib\site-packages\django\db\backends\sqlite3\__init__.py first seen with mtime 1622021611.611295
File D:\django project\py3.7\Lib\site-packages\django\views\decorators\csrf.py first seen with mtime 1622021611.8677807
File D:\django project\py3.7\Lib\site-packages\django\db\backends\base\base.py first seen with mtime 1622021611.5674064
File D:\django project\py3.7\Lib\site-packages\django\middleware\__init__.py first seen with mtime 1622021611.7579043
File C:\Users\brave\AppData\Local\Programs\Python\Python39\Lib\asyncio\runners.py first seen with mtime 1617689616.0
File D:\django project\py3.7\hello_django\hello_django\__init__.py first seen with mtime 1622021639.7093823
File C:\Users\brave\AppData\Local\Programs\Python\Python39\Lib\warnings.py first seen with mtime 1617689618.0
File C:\Users\brave\AppData\Local\Programs\Python\Python39\Lib\fractions.py first seen with mtime 1617689616.0
File D:\django project\py3.7\Lib\site-packages\django\urls\__init__.py first seen with mtime 1622021611.8079405
File C:\Users\brave\AppData\Local\Programs\Python\Python39\Lib\quopri.py first seen with mtime 1617689618.0
File D:\django project\py3.7\Lib\site-packages\django\db\backends\sqlite3\creation.py first seen with mtime 1622021611.6132898
File D:\django project\py3.7\Lib\site-packages\django\contrib\auth\models.py first seen with mtime 1622021608.7452693
File D:\django project\py3.7\Lib\site-packages\django\template\backends\base.py first seen with mtime 1622021611.783873
File D:\django project\py3.7\Lib\site-packages\django\contrib\admin\sites.py first seen with mtime 1622021607.6159556
File D:\django project\py3.7\Lib\site-packages\sqlparse\engine\__init__.py first seen with mtime 1622021604.3634374
File C:\Users\brave\AppData\Local\Programs\Python\Python39\Lib\urllib\response.py first seen with mtime 1617689618.0
File D:\django project\py3.7\Lib\site-packages\django\templatetags\cache.py first seen with mtime 1622021611.7948403
File D:\django project\py3.7\Lib\site-packages\pytz\tzfile.py first seen with mtime 1622021606.3093452
File D:\django project\py3.7\Lib\site-packages\django\contrib\contenttypes\admin.py first seen with mtime 1622021608.9822838
File C:\Users\brave\AppData\Local\Programs\Python\Python39\Lib\_collections_abc.py first seen with mtime 1617689616.0
File D:\django project\py3.7\Lib\site-packages\django\contrib\admin\utils.py first seen with mtime 1622021607.6169536
File D:\django project\py3.7\Lib\site-packages\django\utils\translation\trans_real.py first seen with mtime 1622021611.8588057
File D:\django project\py3.7\Lib\site-packages\django\urls\utils.py first seen with mtime 1622021611.812964
File D:\django project\py3.7\Lib\site-packages\django\apps\__init__.py first seen with mtime 1622021607.2502298
File D:\django project\py3.7\Lib\site-packages\django\views\generic\dates.py first seen with mtime 1622021611.8758125
File D:\django project\py3.7\Lib\site-packages\django\db\models\functions\math.py first seen with mtime 1622021611.6801107
File D:\django project\py3.7\Lib\site-packages\django\contrib\sessions\apps.py first seen with mtime 1622021610.4695837
File C:\Users\brave\AppData\Local\Programs\Python\Python39\Lib\tokenize.py first seen with mtime 1617689618.0
File D:\django project\py3.7\Lib\site-packages\django\templatetags\__init__.py first seen with mtime 1622021611.7938075
File C:\Users\brave\AppData\Local\Programs\Python\Python39\Lib\ntpath.py first seen with mtime 1617689618.0
File D:\django project\py3.7\Lib\site-packages\django\db\backends\sqlite3\schema.py first seen with mtime 1622021611.616282
File D:\django project\py3.7\Lib\site-packages\django\forms\widgets.py first seen with mtime 1622021611.7050462
File D:\django project\py3.7\Lib\site-packages\django\db\backends\base\operations.py first seen with mtime 1622021611.5733898
File D:\django project\py3.7\Lib\site-packages\django\utils\inspect.py first seen with mtime 1622021611.8398569
File D:\django project\py3.7\Lib\site-packages\django\core\files\locks.py first seen with mtime 1622021611.4995878
File C:\Users\brave\AppData\Local\Programs\Python\Python39\Lib\asyncio\protocols.py first seen with mtime 1617689616.0
File C:\Users\brave\AppData\Local\Programs\Python\Python39\Lib\opcode.py first seen with mtime 1617689618.0
File C:\Users\brave\AppData\Local\Programs\Python\Python39\Lib\os.py first seen with mtime 1617689618.0
File D:\django project\py3.7\Lib\site-packages\django\views\generic\base.py first seen with mtime 1622021611.8737645
File C:\Users\brave\AppData\Local\Programs\Python\Python39\Lib\glob.py first seen with mtime 1617689616.0
File D:\django project\py3.7\Lib\site-packages\django\db\backends\sqlite3\base.py first seen with mtime 1622021611.612292
File D:\django project\py3.7\Lib\site-packages\django\contrib\__init__.py first seen with mtime 1622021607.6029904
File D:\django project\py3.7\Lib\site-packages\sqlparse\engine\grouping.py first seen with mtime 1622021604.3654335
File D:\django project\py3.7\Lib\site-packages\django\contrib\admin\decorators.py first seen with mtime 1622021607.6089745
File D:\django project\py3.7\Lib\site-packages\django\forms\boundfield.py first seen with mtime 1622021611.6970663
File D:\django project\py3.7\Lib\site-packages\django\db\backends\base\validation.py first seen with mtime 1622021611.5783772
File D:\django project\py3.7\Lib\site-packages\django\utils\baseconv.py first seen with mtime 1622021611.8169167
File C:\Users\brave\AppData\Local\Programs\Python\Python39\Lib\importlib\abc.py first seen with mtime 1617689618.0
File C:\Users\brave\AppData\Local\Programs\Python\Python39\Lib\_compat_pickle.py first seen with mtime 1617689616.0
File D:\django project\py3.7\Lib\site-packages\django\urls\base.py first seen with mtime 1622021611.8089774
File C:\Users\brave\AppData\Local\Programs\Python\Python39\Lib\urllib\error.py first seen with mtime 1617689618.0
File C:\Users\brave\AppData\Local\Programs\Python\Python39\Lib\contextlib.py first seen with mtime 1617689616.0
File D:\django project\py3.7\Lib\site-packages\django\db\utils.py first seen with mtime 1622021611.5624185
File D:\django project\py3.7\Lib\site-packages\django\forms\formsets.py first seen with mtime 1622021611.700058
File C:\Users\brave\AppData\Local\Programs\Python\Python39\Lib\wsgiref\util.py first seen with mtime 1617689618.0
File C:\Users\brave\AppData\Local\Programs\Python\Python39\Lib\html\entities.py first seen with mtime 1617689616.0
File C:\Users\brave\AppData\Local\Programs\Python\Python39\Lib\enum.py first seen with mtime 1617689616.0
File D:\django project\py3.7\Lib\site-packages\django\core\__init__.py first seen with mtime 1622021611.466531
File D:\django project\py3.7\Lib\site-packages\django\utils\module_loading.py first seen with mtime 1622021611.8458395
File D:\django project\py3.7\Lib\site-packages\django\core\mail\message.py first seen with mtime 1622021611.5125518
File C:\Users\brave\AppData\Local\Programs\Python\Python39\Lib\html\parser.py first seen with mtime 1617689616.0
File D:\django project\py3.7\Lib\site-packages\django\utils\_os.py first seen with mtime 1622021611.8139246
File D:\django project\py3.7\Lib\site-packages\django\db\backends\sqlite3\operations.py first seen with mtime 1622021611.6152847
File D:\django project\py3.7\Lib\site-packages\django\contrib\auth\__init__.py first seen with mtime 1622021608.7303424
File C:\Users\brave\AppData\Local\Programs\Python\Python39\Lib\email\message.py first seen with mtime 1617689616.0
File C:\Users\brave\AppData\Local\Programs\Python\Python39\Lib\email\mime\nonmultipart.py first seen with mtime 1617689616.0
File D:\django project\py3.7\Lib\site-packages\django\core\management\__init__.py first seen with mtime 1622021611.520533
File D:\django project\py3.7\Lib\site-packages\django\core\files\__init__.py first seen with mtime 1622021611.4976232
File D:\django project\py3.7\Lib\site-packages\django\utils\datetime_safe.py first seen with mtime 1622021611.8278944
File C:\Users\brave\AppData\Local\Programs\Python\Python39\Lib\asyncio\trsock.py first seen with mtime 1617689616.0
File D:\django project\py3.7\Lib\site-packages\django\core\handlers\base.py first seen with mtime 1622021611.5095606
File D:\django project\py3.7\Lib\site-packages\django\contrib\admin\exceptions.py first seen with mtime 1622021607.6099715
File D:\django project\py3.7\Lib\site-packages\django\template\__init__.py first seen with mtime 1622021611.7648842
File D:\django project\py3.7\Lib\site-packages\django\utils\timezone.py first seen with mtime 1622021611.8518238
File D:\django project\py3.7\Lib\site-packages\django\contrib\auth\base_user.py first seen with mtime 1622021608.7343326
File C:\Users\brave\AppData\Local\Programs\Python\Python39\Lib\ipaddress.py first seen with mtime 1617689618.0
File D:\django project\py3.7\Lib\site-packages\django\template\backends\django.py first seen with mtime 1622021611.784835
File D:\django project\py3.7\Lib\site-packages\django\template\loader_tags.py first seen with mtime 1622021611.7798815
File C:\Users\brave\AppData\Local\Programs\Python\Python39\Lib\email\encoders.py first seen with mtime 1617689616.0
File C:\Users\brave\AppData\Local\Programs\Python\Python39\Lib\unittest\loader.py first seen with mtime 1617689618.0
File D:\django project\py3.7\Lib\site-packages\django\template\utils.py first seen with mtime 1622021611.7818408
File D:\django project\py3.7\Lib\site-packages\django\contrib\staticfiles\apps.py first seen with mtime 1622021611.452571
File D:\django project\py3.7\Lib\site-packages\django\db\migrations\state.py first seen with mtime 1622021611.632241
File C:\Users\brave\AppData\Local\Programs\Python\Python39\Lib\email\quoprimime.py first seen with mtime 1617689616.0
File C:\Users\brave\AppData\Local\Programs\Python\Python39\Lib\email\parser.py first seen with mtime 1617689616.0
File D:\django project\py3.7\Lib\site-packages\django\core\checks\messages.py first seen with mtime 1622021611.4856248
File C:\Users\brave\AppData\Local\Programs\Python\Python39\Lib\ctypes\_endian.py first seen with mtime 1617689616.0
File D:\django project\py3.7\Lib\site-packages\django\core\checks\translation.py first seen with mtime 1622021611.489614
File C:\Users\brave\AppData\Local\Programs\Python\Python39\Lib\email\errors.py first seen with mtime 1617689616.0
File C:\Users\brave\AppData\Local\Programs\Python\Python39\DLLs\_lzma.pyd first seen with mtime 1617689672.0
File D:\django project\py3.7\Lib\site-packages\sqlparse\filters\tokens.py first seen with mtime 1622021604.3724139
File D:\django project\py3.7\Lib\site-packages\django\db\transaction.py first seen with mtime 1622021611.5624185
File D:\django project\py3.7\Lib\site-packages\django\templatetags\static.py first seen with mtime 1622021611.796799
File D:\django project\py3.7\Lib\site-packages\django\template\autoreload.py first seen with mtime 1622021611.7658815
File D:\django project\py3.7\Lib\site-packages\django\core\checks\registry.py first seen with mtime 1622021611.4886172
File C:\Users\brave\AppData\Local\Programs\Python\Python39\Lib\email\feedparser.py first seen with mtime 1617689616.0
File D:\django project\py3.7\Lib\site-packages\django\contrib\admin\widgets.py first seen with mtime 1622021607.6179519
File C:\Users\brave\AppData\Local\Programs\Python\Python39\Lib\genericpath.py first seen with mtime 1617689616.0
File D:\django project\py3.7\Lib\site-packages\django\contrib\admin\templatetags\base.py first seen with mtime 1622021608.5101204
File D:\django project\py3.7\Lib\site-packages\django\db\models\enums.py first seen with mtime 1622021611.6501918
File D:\django project\py3.7\Lib\site-packages\django\utils\timesince.py first seen with mtime 1622021611.849828
File C:\Users\brave\AppData\Local\Programs\Python\Python39\Lib\json\__init__.py first seen with mtime 1617689618.0
File D:\django project\py3.7\Lib\site-packages\sqlparse\exceptions.py first seen with mtime 1622021604.357453
File D:\django project\py3.7\Lib\site-packages\django\contrib\auth\forms.py first seen with mtime 1622021608.739283
File C:\Users\brave\AppData\Local\Programs\Python\Python39\Lib\email\headerregistry.py first seen with mtime 1617689616.0
File D:\django project\py3.7\Lib\site-packages\django\template\base.py first seen with mtime 1622021611.7668796
File C:\Users\brave\AppData\Local\Programs\Python\Python39\Lib\importlib\machinery.py first seen with mtime 1617689618.0
File D:\django project\py3.7\Lib\site-packages\asgiref\__init__.py first seen with mtime 1622021607.0616674
File C:\Users\brave\AppData\Local\Programs\Python\Python39\Lib\json\decoder.py first seen with mtime 1617689618.0
File D:\django project\py3.7\Lib\site-packages\django\contrib\staticfiles\finders.py first seen with mtime 1622021611.454564
File D:\django project\py3.7\Lib\site-packages\asgiref\sync.py first seen with mtime 1622021607.066654
File D:\django project\py3.7\Lib\site-packages\django\utils\dateformat.py first seen with mtime 1622021611.821906
File D:\django project\py3.7\Lib\site-packages\django\core\validators.py first seen with mtime 1622021611.472562
File D:\django project\py3.7\Lib\site-packages\django\template\library.py first seen with mtime 1622021611.776853
File C:\Users\brave\AppData\Local\Programs\Python\Python39\Lib\io.py first seen with mtime 1617689618.0
File D:\django project\py3.7\Lib\site-packages\pytz\lazy.py first seen with mtime 1622021606.307351
File C:\Users\brave\AppData\Local\Programs\Python\Python39\Lib\logging\handlers.py first seen with mtime 1617689618.0
File C:\Users\brave\AppData\Local\Programs\Python\Python39\Lib\uuid.py first seen with mtime 1617689618.0
File D:\django project\py3.7\Lib\site-packages\django\template\context.py first seen with mtime 1622021611.767879
File D:\django project\py3.7\Lib\site-packages\django\db\backends\base\client.py first seen with mtime 1622021611.5684073
File D:\django project\py3.7\Lib\site-packages\django\contrib\sessions\middleware.py first seen with mtime 1622021610.4716084
File D:\django project\py3.7\Lib\site-packages\django\contrib\admin\apps.py first seen with mtime 1622021607.6049862
File C:\Users\brave\AppData\Local\Programs\Python\Python39\Lib\linecache.py first seen with mtime 1617689618.0
File C:\Users\brave\AppData\Local\Programs\Python\Python39\Lib\email\_policybase.py first seen with mtime 1617689616.0
File C:\Users\brave\AppData\Local\Programs\Python\Python39\Lib\bz2.py first seen with mtime 1617689616.0
File D:\django project\py3.7\Lib\site-packages\django\views\decorators\debug.py first seen with mtime 1622021611.8687785
File C:\Users\brave\AppData\Local\Programs\Python\Python39\Lib\sqlite3\dbapi2.py first seen with mtime 1617689618.0
File C:\Users\brave\AppData\Local\Programs\Python\Python39\Lib\concurrent\__init__.py first seen with mtime 1617689616.0
File D:\django project\py3.7\Lib\site-packages\django\contrib\admin\templatetags\log.py first seen with mtime 1622021608.5101204
File D:\django project\py3.7\Lib\site-packages\django\contrib\contenttypes\fields.py first seen with mtime 1622021608.987246
File D:\django project\py3.7\Lib\site-packages\django\contrib\messages\storage\__init__.py first seen with mtime 1622021610.0983038
File D:\django project\py3.7\Lib\site-packages\django\db\models\deletion.py first seen with mtime 1622021611.648197
File C:\Users\brave\AppData\Local\Programs\Python\Python39\Lib\datetime.py first seen with mtime 1617689616.0
File D:\django project\py3.7\Lib\site-packages\django\core\cache\utils.py first seen with mtime 1622021611.4756484
File C:\Users\brave\AppData\Local\Programs\Python\Python39\Lib\wsgiref\simple_server.py first seen with mtime 1617689618.0
File D:\django project\py3.7\Lib\site-packages\django\contrib\admin\models.py first seen with mtime 1622021607.6129642
File D:\django project\py3.7\Lib\site-packages\django\contrib\staticfiles\__init__.py first seen with mtime 1622021611.4515724
File D:\django project\py3.7\Lib\site-packages\django\db\models\functions\text.py first seen with mtime 1622021611.6821072
File C:\Users\brave\AppData\Local\Programs\Python\Python39\Lib\http\client.py first seen with mtime 1617689616.0
File D:\django project\py3.7\Lib\site-packages\django\contrib\admin\views\main.py first seen with mtime 1622021608.5131123
File C:\Users\brave\AppData\Local\Programs\Python\Python39\Lib\hashlib.py first seen with mtime 1617689616.0
File D:\django project\py3.7\hello_django\hello_django\urls.py first seen with mtime 1622022454.2883673
File D:\django project\py3.7\Lib\site-packages\django\contrib\staticfiles\utils.py first seen with mtime 1622021611.4595509
File D:\django project\py3.7\Lib\site-packages\django\utils\connection.py first seen with mtime 1622021611.8199112
File D:\django project\py3.7\Lib\site-packages\django\apps\config.py first seen with mtime 1622021607.251227
File C:\Users\brave\AppData\Local\Programs\Python\Python39\Lib\email\contentmanager.py first seen with mtime 1617689616.0
File D:\django project\py3.7\Lib\site-packages\sqlparse\cli.py first seen with mtime 1622021604.3554602
File D:\django project\py3.7\Lib\site-packages\django\utils\decorators.py first seen with mtime 1622021611.8299181
File D:\django project\py3.7\Lib\site-packages\django\db\migrations\operations\special.py first seen with mtime 1622021611.642213
File D:\django project\py3.7\Lib\site-packages\django\contrib\auth\migrations\0005_alter_user_last_login_null.py first seen with mtime 1622021608.969291
File D:\django project\py3.7\Lib\site-packages\django\middleware\common.py first seen with mtime 1622021611.7598982
File D:\django project\py3.7\Lib\site-packages\django\contrib\auth\migrations\0007_alter_validators_add_error_messages.py first seen with mtime 1622021608.9713216
File D:\django project\py3.7\Lib\site-packages\django\contrib\auth\migrations\0011_update_proxy_permissions.py first seen with mtime 1622021608.9753118
File D:\django project\py3.7\Lib\site-packages\django\contrib\admin\migrations\0003_logentry_add_action_flag_choices.py first seen with mtime 1622021607.9911864
File C:\Users\brave\AppData\Local\Programs\Python\Python39\Lib\encodings\idna.py first seen with mtime 1617689616.0
File C:\Users\brave\AppData\Local\Programs\Python\Python39\Lib\stringprep.py first seen with mtime 1617689618.0
File D:\django project\py3.7\hello_django\hello_django\wsgi.py first seen with mtime 1622021639.7093823
File D:\django project\py3.7\Lib\site-packages\django\contrib\auth\migrations\0002_alter_permission_name_max_length.py first seen with mtime 1622021608.9662993
File D:\django project\py3.7\Lib\site-packages\django\contrib\auth\migrations\0009_alter_user_last_name_max_length.py first seen with mtime 1622021608.9722836
File D:\django project\py3.7\Lib\site-packages\django\db\migrations\executor.py first seen with mtime 1622021611.6212704
File D:\django project\py3.7\hello_django\myhello\migrations\__init__.py first seen with mtime 1622022232.8408864
File D:\django project\py3.7\Lib\site-packages\django\contrib\sessions\backends\base.py first seen with mtime 1622021610.4746072
File D:\django project\py3.7\Lib\site-packages\django\contrib\admin\migrations\0001_initial.py first seen with mtime 1622021607.9871604
File D:\django project\py3.7\Lib\site-packages\django\contrib\contenttypes\migrations\0001_initial.py first seen with mtime 1622021609.258328
File D:\django project\py3.7\Lib\site-packages\django\contrib\admin\migrations\__init__.py first seen with mtime 1622021607.9911864
File D:\django project\py3.7\Lib\site-packages\django\contrib\messages\middleware.py first seen with mtime 1622021610.0963044
File D:\django project\py3.7\Lib\site-packages\django\contrib\contenttypes\migrations\__init__.py first seen with mtime 1622021609.2593234
File D:\django project\py3.7\Lib\site-packages\django\contrib\auth\migrations\0004_alter_user_username_opts.py first seen with mtime 1622021608.9682949
File D:\django project\py3.7\Lib\site-packages\django\middleware\clickjacking.py first seen with mtime 1622021611.7589002
File D:\django project\py3.7\Lib\site-packages\django\contrib\auth\migrations\0010_alter_group_name_max_length.py first seen with mtime 1622021608.974278
File D:\django project\py3.7\Lib\site-packages\django\contrib\sessions\exceptions.py first seen with mtime 1622021610.4706168
File D:\django project\py3.7\Lib\site-packages\django\contrib\contenttypes\migrations\0002_remove_content_type_name.py first seen with mtime 1622021609.258328
File D:\django project\py3.7\Lib\site-packages\django\contrib\admin\migrations\0002_logentry_remove_auto_add.py first seen with mtime 1622021607.9881566
File D:\django project\py3.7\Lib\site-packages\django\contrib\sessions\migrations\0001_initial.py first seen with mtime 1622021611.197382
File D:\django project\py3.7\Lib\site-packages\django\contrib\auth\migrations\0008_alter_user_username_max_length.py first seen with mtime 1622021608.9722836
File D:\django project\py3.7\Lib\site-packages\django\db\migrations\recorder.py first seen with mtime 1622021611.6292474
File D:\django project\py3.7\Lib\site-packages\django\contrib\sessions\migrations\__init__.py first seen with mtime 1622021611.197382
File D:\django project\py3.7\Lib\site-packages\django\contrib\sessions\backends\db.py first seen with mtime 1622021610.4765642
File D:\django project\py3.7\Lib\site-packages\django\contrib\auth\migrations\0003_alter_user_email_max_length.py first seen with mtime 1622021608.9662993
File D:\django project\py3.7\Lib\site-packages\django\db\migrations\loader.py first seen with mtime 1622021611.6232643
File D:\django project\py3.7\Lib\site-packages\django\contrib\auth\migrations\0012_alter_user_first_name_max_length.py first seen with mtime 1622021608.976282
File D:\django project\py3.7\Lib\site-packages\django\db\migrations\graph.py first seen with mtime 1622021611.622267
File D:\django project\py3.7\Lib\site-packages\django\contrib\auth\migrations\0006_require_contenttypes_0002.py first seen with mtime 1622021608.970292
File D:\django project\py3.7\Lib\site-packages\django\contrib\auth\migrations\0001_initial.py first seen with mtime 1622021608.9653034
File D:\django project\py3.7\Lib\site-packages\django\contrib\auth\migrations\__init__.py first seen with mtime 1622021608.97827
Exception while resolving variable 'name' in template 'unknown'.
Traceback (most recent call last):
  File "D:\django project\py3.7\lib\site-packages\django\core\handlers\exception.py", line 47, in inner
    response = get_response(request)
  File "D:\django project\py3.7\lib\site-packages\django\core\handlers\base.py", line 167, in _get_response
    callback, callback_args, callback_kwargs = self.resolve_request(request)
  File "D:\django project\py3.7\lib\site-packages\django\core\handlers\base.py", line 290, in resolve_request
    resolver_match = resolver.resolve(request.path_info)
  File "D:\django project\py3.7\lib\site-packages\django\urls\resolvers.py", line 585, in resolve
    raise Resolver404({'tried': tried, 'path': new_path})
django.urls.exceptions.Resolver404: {'tried': [[<URLResolver <URLPattern list> (admin:admin) 'admin/'>], [<URLResolver <module 'myhello.urls' from 'D:\\django project\\py3.7\\hello_django\\myhello\\urls.py'> (None:None) 'myhello/'>]], 'path': ''}

During handling of the above exception, another exception occurred:

Traceback (most recent call last):
  File "D:\django project\py3.7\lib\site-packages\django\template\base.py", line 829, in _resolve_lookup
    current = current[bit]
TypeError: 'URLResolver' object is not subscriptable

During handling of the above exception, another exception occurred:

Traceback (most recent call last):
  File "D:\django project\py3.7\lib\site-packages\django\template\base.py", line 837, in _resolve_lookup
    current = getattr(current, bit)
AttributeError: 'URLResolver' object has no attribute 'name'

During handling of the above exception, another exception occurred:

Traceback (most recent call last):
  File "D:\django project\py3.7\lib\site-packages\django\template\base.py", line 843, in _resolve_lookup
    current = current[int(bit)]
ValueError: invalid literal for int() with base 10: 'name'

During handling of the above exception, another exception occurred:

Traceback (most recent call last):
  File "D:\django project\py3.7\lib\site-packages\django\template\base.py", line 848, in _resolve_lookup
    raise VariableDoesNotExist("Failed lookup for key "
django.template.base.VariableDoesNotExist: Failed lookup for key [name] in <URLResolver <URLPattern list> (admin:admin) 'admin/'>
Exception while resolving variable 'name' in template 'unknown'.
Traceback (most recent call last):
  File "D:\django project\py3.7\lib\site-packages\django\core\handlers\exception.py", line 47, in inner
    response = get_response(request)
  File "D:\django project\py3.7\lib\site-packages\django\core\handlers\base.py", line 167, in _get_response
    callback, callback_args, callback_kwargs = self.resolve_request(request)
  File "D:\django project\py3.7\lib\site-packages\django\core\handlers\base.py", line 290, in resolve_request
    resolver_match = resolver.resolve(request.path_info)
  File "D:\django project\py3.7\lib\site-packages\django\urls\resolvers.py", line 585, in resolve
    raise Resolver404({'tried': tried, 'path': new_path})
django.urls.exceptions.Resolver404: {'tried': [[<URLResolver <URLPattern list> (admin:admin) 'admin/'>], [<URLResolver <module 'myhello.urls' from 'D:\\django project\\py3.7\\hello_django\\myhello\\urls.py'> (None:None) 'myhello/'>]], 'path': ''}

During handling of the above exception, another exception occurred:

Traceback (most recent call last):
  File "D:\django project\py3.7\lib\site-packages\django\template\base.py", line 829, in _resolve_lookup
    current = current[bit]
TypeError: 'URLResolver' object is not subscriptable

During handling of the above exception, another exception occurred:

Traceback (most recent call last):
  File "D:\django project\py3.7\lib\site-packages\django\template\base.py", line 837, in _resolve_lookup
    current = getattr(current, bit)
AttributeError: 'URLResolver' object has no attribute 'name'

During handling of the above exception, another exception occurred:

Traceback (most recent call last):
  File "D:\django project\py3.7\lib\site-packages\django\template\base.py", line 843, in _resolve_lookup
    current = current[int(bit)]
ValueError: invalid literal for int() with base 10: 'name'

During handling of the above exception, another exception occurred:

Traceback (most recent call last):
  File "D:\django project\py3.7\lib\site-packages\django\template\base.py", line 848, in _resolve_lookup
    raise VariableDoesNotExist("Failed lookup for key "
django.template.base.VariableDoesNotExist: Failed lookup for key [name] in <URLResolver <module 'myhello.urls' from 'D:\\django project\\py3.7\\hello_django\\myhello\\urls.py'> (None:None) 'myhello/'>
Not Found: /
"GET / HTTP/1.1" 404 2173
File D:\django project\py3.7\Lib\site-packages\django\contrib\messages\storage\base.py first seen with mtime 1622021610.1002948
File D:\django project\py3.7\Lib\site-packages\django\contrib\messages\storage\fallback.py first seen with mtime 1622021610.1022887
File D:\django project\py3.7\Lib\site-packages\django\contrib\messages\storage\session.py first seen with mtime 1622021610.1022887
File D:\django project\py3.7\Lib\site-packages\django\contrib\messages\utils.py first seen with mtime 1622021610.09734
File D:\django project\py3.7\Lib\site-packages\django\contrib\messages\storage\cookie.py first seen with mtime 1622021610.1012907
File D:\django project\py3.7\Lib\site-packages\django\contrib\sessions\serializers.py first seen with mtime 1622021610.4736083
"GET /myhello/ HTTP/1.1" 200 8
